2025-12-18 14:22:32 startup archives install
2025-12-18 14:22:32 install base-passwd:amd64 <none> 3.6.7
2025-12-18 14:22:32 status half-installed base-passwd:amd64 3.6.7
2025-12-18 14:22:32 status unpacked base-passwd:amd64 3.6.7
2025-12-18 14:22:32 configure base-passwd:amd64 3.6.7 3.6.7
2025-12-18 14:22:32 status half-configured base-passwd:amd64 3.6.7
2025-12-18 14:22:32 status installed base-passwd:amd64 3.6.7
2025-12-18 14:22:32 startup archives install
2025-12-18 14:22:32 install base-files:amd64 <none> 13.8+deb13u2
2025-12-18 14:22:32 status half-installed base-files:amd64 13.8+deb13u2
2025-12-18 14:22:32 status unpacked base-files:amd64 13.8+deb13u2
2025-12-18 14:22:32 configure base-files:amd64 13.8+deb13u2 13.8+deb13u2
2025-12-18 14:22:32 status half-configured base-files:amd64 13.8+deb13u2
2025-12-18 14:22:32 status installed base-files:amd64 13.8+deb13u2
2025-12-18 14:22:32 startup archives install
2025-12-18 14:22:32 upgrade dpkg 1.22.21 1.22.21
2025-12-18 14:22:32 status half-configured dpkg 1.22.21
2025-12-18 14:22:32 status unpacked dpkg 1.22.21
2025-12-18 14:22:32 status half-installed dpkg 1.22.21
2025-12-18 14:22:33 status unpacked dpkg:amd64 1.22.21
2025-12-18 14:22:33 configure dpkg:amd64 1.22.21 1.22.21
2025-12-18 14:22:33 status half-configured dpkg:amd64 1.22.21
2025-12-18 14:22:33 status installed dpkg:amd64 1.22.21
2025-12-18 14:22:33 startup archives install
2025-12-18 14:22:33 install libc6:amd64 <none> 2.41-12
2025-12-18 14:22:33 status half-installed libc6:amd64 2.41-12
2025-12-18 14:22:34 status unpacked libc6:amd64 2.41-12
2025-12-18 14:22:34 configure libc6:amd64 2.41-12 2.41-12
2025-12-18 14:22:34 status half-configured libc6:amd64 2.41-12
2025-12-18 14:22:34 status installed libc6:amd64 2.41-12
2025-12-18 14:22:34 startup archives install
2025-12-18 14:22:34 install perl-base:amd64 <none> 5.40.1-6
2025-12-18 14:22:34 status half-installed perl-base:amd64 5.40.1-6
2025-12-18 14:22:34 status unpacked perl-base:amd64 5.40.1-6
2025-12-18 14:22:34 configure perl-base:amd64 5.40.1-6 5.40.1-6
2025-12-18 14:22:34 status half-configured perl-base:amd64 5.40.1-6
2025-12-18 14:22:34 status installed perl-base:amd64 5.40.1-6
2025-12-18 14:22:34 startup archives install
2025-12-18 14:22:34 install mawk:amd64 <none> 1.3.4.20250131-1
2025-12-18 14:22:34 status half-installed mawk:amd64 1.3.4.20250131-1
2025-12-18 14:22:34 status unpacked mawk:amd64 1.3.4.20250131-1
2025-12-18 14:22:34 configure mawk:amd64 1.3.4.20250131-1 1.3.4.20250131-1
2025-12-18 14:22:34 status half-configured mawk:amd64 1.3.4.20250131-1
2025-12-18 14:22:34 status installed mawk:amd64 1.3.4.20250131-1
2025-12-18 14:22:34 startup archives install
2025-12-18 14:22:35 install debconf:all <none> 1.5.91
2025-12-18 14:22:35 status half-installed debconf:all 1.5.91
2025-12-18 14:22:35 status unpacked debconf:all 1.5.91
2025-12-18 14:22:35 configure debconf:all 1.5.91 1.5.91
2025-12-18 14:22:35 status half-configured debconf:all 1.5.91
2025-12-18 14:22:35 status installed debconf:all 1.5.91
2025-12-18 14:22:35 startup archives unpack
2025-12-18 14:22:35 install apt:amd64 <none> 3.0.3
2025-12-18 14:22:35 status half-installed apt:amd64 3.0.3
2025-12-18 14:22:35 status unpacked apt:amd64 3.0.3
2025-12-18 14:22:35 upgrade base-files:amd64 13.8+deb13u2 13.8+deb13u2
2025-12-18 14:22:35 status half-configured base-files:amd64 13.8+deb13u2
2025-12-18 14:22:35 status unpacked base-files:amd64 13.8+deb13u2
2025-12-18 14:22:35 status half-installed base-files:amd64 13.8+deb13u2
2025-12-18 14:22:35 status unpacked base-files:amd64 13.8+deb13u2
2025-12-18 14:22:35 upgrade base-passwd:amd64 3.6.7 3.6.7
2025-12-18 14:22:35 status half-configured base-passwd:amd64 3.6.7
2025-12-18 14:22:35 status unpacked base-passwd:amd64 3.6.7
2025-12-18 14:22:35 status half-installed base-passwd:amd64 3.6.7
2025-12-18 14:22:35 status unpacked base-passwd:amd64 3.6.7
2025-12-18 14:22:35 install bash:amd64 <none> 5.2.37-2+b5
2025-12-18 14:22:35 status half-installed bash:amd64 5.2.37-2+b5
2025-12-18 14:22:36 status unpacked bash:amd64 5.2.37-2+b5
2025-12-18 14:22:36 install bsdutils:amd64 <none> 1:2.41-5
2025-12-18 14:22:36 status half-installed bsdutils:amd64 1:2.41-5
2025-12-18 14:22:36 status unpacked bsdutils:amd64 1:2.41-5
2025-12-18 14:22:36 install coreutils:amd64 <none> 9.7-3
2025-12-18 14:22:36 status half-installed coreutils:amd64 9.7-3
2025-12-18 14:22:36 status unpacked coreutils:amd64 9.7-3
2025-12-18 14:22:36 install dash:amd64 <none> 0.5.12-12
2025-12-18 14:22:36 status half-installed dash:amd64 0.5.12-12
2025-12-18 14:22:36 status unpacked dash:amd64 0.5.12-12
2025-12-18 14:22:37 upgrade debconf:all 1.5.91 1.5.91
2025-12-18 14:22:37 status half-configured debconf:all 1.5.91
2025-12-18 14:22:37 status unpacked debconf:all 1.5.91
2025-12-18 14:22:37 status half-installed debconf:all 1.5.91
2025-12-18 14:22:37 status unpacked debconf:all 1.5.91
2025-12-18 14:22:37 install debian-archive-keyring:all <none> 2025.1
2025-12-18 14:22:37 status half-installed debian-archive-keyring:all 2025.1
2025-12-18 14:22:37 status unpacked debian-archive-keyring:all 2025.1
2025-12-18 14:22:37 install debianutils:amd64 <none> 5.23.2
2025-12-18 14:22:37 status half-installed debianutils:amd64 5.23.2
2025-12-18 14:22:37 status unpacked debianutils:amd64 5.23.2
2025-12-18 14:22:37 install diffutils:amd64 <none> 1:3.10-4
2025-12-18 14:22:37 status half-installed diffutils:amd64 1:3.10-4
2025-12-18 14:22:37 status unpacked diffutils:amd64 1:3.10-4
2025-12-18 14:22:37 upgrade dpkg:amd64 1.22.21 1.22.21
2025-12-18 14:22:37 status half-configured dpkg:amd64 1.22.21
2025-12-18 14:22:37 status unpacked dpkg:amd64 1.22.21
2025-12-18 14:22:37 status half-installed dpkg:amd64 1.22.21
2025-12-18 14:22:37 status unpacked dpkg:amd64 1.22.21
2025-12-18 14:22:37 install findutils:amd64 <none> 4.10.0-3
2025-12-18 14:22:37 status half-installed findutils:amd64 4.10.0-3
2025-12-18 14:22:37 status unpacked findutils:amd64 4.10.0-3
2025-12-18 14:22:37 install gcc-14-base:amd64 <none> 14.2.0-19
2025-12-18 14:22:37 status half-installed gcc-14-base:amd64 14.2.0-19
2025-12-18 14:22:37 status unpacked gcc-14-base:amd64 14.2.0-19
2025-12-18 14:22:37 install grep:amd64 <none> 3.11-4
2025-12-18 14:22:37 status half-installed grep:amd64 3.11-4
2025-12-18 14:22:37 status unpacked grep:amd64 3.11-4
2025-12-18 14:22:37 install gzip:amd64 <none> 1.13-1
2025-12-18 14:22:37 status half-installed gzip:amd64 1.13-1
2025-12-18 14:22:37 status unpacked gzip:amd64 1.13-1
2025-12-18 14:22:37 install hostname:amd64 <none> 3.25
2025-12-18 14:22:37 status half-installed hostname:amd64 3.25
2025-12-18 14:22:38 status unpacked hostname:amd64 3.25
2025-12-18 14:22:38 install init-system-helpers:all <none> 1.69~deb13u1
2025-12-18 14:22:38 status half-installed init-system-helpers:all 1.69~deb13u1
2025-12-18 14:22:38 status unpacked init-system-helpers:all 1.69~deb13u1
2025-12-18 14:22:38 install libacl1:amd64 <none> 2.3.2-2+b1
2025-12-18 14:22:38 status half-installed libacl1:amd64 2.3.2-2+b1
2025-12-18 14:22:38 status unpacked libacl1:amd64 2.3.2-2+b1
2025-12-18 14:22:38 install libapt-pkg7.0:amd64 <none> 3.0.3
2025-12-18 14:22:38 status half-installed libapt-pkg7.0:amd64 3.0.3
2025-12-18 14:22:38 status unpacked libapt-pkg7.0:amd64 3.0.3
2025-12-18 14:22:38 install libattr1:amd64 <none> 1:2.5.2-3
2025-12-18 14:22:38 status half-installed libattr1:amd64 1:2.5.2-3
2025-12-18 14:22:38 status unpacked libattr1:amd64 1:2.5.2-3
2025-12-18 14:22:38 install libaudit-common:all <none> 1:4.0.2-2
2025-12-18 14:22:38 status half-installed libaudit-common:all 1:4.0.2-2
2025-12-18 14:22:38 status unpacked libaudit-common:all 1:4.0.2-2
2025-12-18 14:22:38 install libaudit1:amd64 <none> 1:4.0.2-2+b2
2025-12-18 14:22:38 status half-installed libaudit1:amd64 1:4.0.2-2+b2
2025-12-18 14:22:38 status unpacked libaudit1:amd64 1:4.0.2-2+b2
2025-12-18 14:22:38 install libblkid1:amd64 <none> 2.41-5
2025-12-18 14:22:38 status half-installed libblkid1:amd64 2.41-5
2025-12-18 14:22:38 status unpacked libblkid1:amd64 2.41-5
2025-12-18 14:22:38 install libbsd0:amd64 <none> 0.12.2-2
2025-12-18 14:22:38 status half-installed libbsd0:amd64 0.12.2-2
2025-12-18 14:22:38 status unpacked libbsd0:amd64 0.12.2-2
2025-12-18 14:22:38 install libbz2-1.0:amd64 <none> 1.0.8-6
2025-12-18 14:22:38 status half-installed libbz2-1.0:amd64 1.0.8-6
2025-12-18 14:22:38 status unpacked libbz2-1.0:amd64 1.0.8-6
2025-12-18 14:22:38 install libc-bin:amd64 <none> 2.41-12
2025-12-18 14:22:38 status half-installed libc-bin:amd64 2.41-12
2025-12-18 14:22:38 status unpacked libc-bin:amd64 2.41-12
2025-12-18 14:22:38 upgrade libc6:amd64 2.41-12 2.41-12
2025-12-18 14:22:38 status half-configured libc6:amd64 2.41-12
2025-12-18 14:22:38 status unpacked libc6:amd64 2.41-12
2025-12-18 14:22:38 status half-installed libc6:amd64 2.41-12
2025-12-18 14:22:39 status unpacked libc6:amd64 2.41-12
2025-12-18 14:22:39 install libcap-ng0:amd64 <none> 0.8.5-4+b1
2025-12-18 14:22:39 status half-installed libcap-ng0:amd64 0.8.5-4+b1
2025-12-18 14:22:39 status unpacked libcap-ng0:amd64 0.8.5-4+b1
2025-12-18 14:22:39 install libcap2:amd64 <none> 1:2.75-10+b1
2025-12-18 14:22:39 status half-installed libcap2:amd64 1:2.75-10+b1
2025-12-18 14:22:39 status unpacked libcap2:amd64 1:2.75-10+b1
2025-12-18 14:22:39 install libcrypt1:amd64 <none> 1:4.4.38-1
2025-12-18 14:22:39 status half-installed libcrypt1:amd64 1:4.4.38-1
2025-12-18 14:22:39 status unpacked libcrypt1:amd64 1:4.4.38-1
2025-12-18 14:22:39 install libdb5.3t64:amd64 <none> 5.3.28+dfsg2-9
2025-12-18 14:22:39 status half-installed libdb5.3t64:amd64 5.3.28+dfsg2-9
2025-12-18 14:22:39 status unpacked libdb5.3t64:amd64 5.3.28+dfsg2-9
2025-12-18 14:22:39 install libdebconfclient0:amd64 <none> 0.280
2025-12-18 14:22:39 status half-installed libdebconfclient0:amd64 0.280
2025-12-18 14:22:39 status unpacked libdebconfclient0:amd64 0.280
2025-12-18 14:22:39 install libgcc-s1:amd64 <none> 14.2.0-19
2025-12-18 14:22:39 status half-installed libgcc-s1:amd64 14.2.0-19
2025-12-18 14:22:39 status unpacked libgcc-s1:amd64 14.2.0-19
2025-12-18 14:22:39 install libgmp10:amd64 <none> 2:6.3.0+dfsg-3
2025-12-18 14:22:39 status half-installed libgmp10:amd64 2:6.3.0+dfsg-3
2025-12-18 14:22:39 status unpacked libgmp10:amd64 2:6.3.0+dfsg-3
2025-12-18 14:22:39 install libhogweed6t64:amd64 <none> 3.10.1-1
2025-12-18 14:22:39 status half-installed libhogweed6t64:amd64 3.10.1-1
2025-12-18 14:22:39 status unpacked libhogweed6t64:amd64 3.10.1-1
2025-12-18 14:22:39 install liblastlog2-2:amd64 <none> 2.41-5
2025-12-18 14:22:39 status half-installed liblastlog2-2:amd64 2.41-5
2025-12-18 14:22:39 status unpacked liblastlog2-2:amd64 2.41-5
2025-12-18 14:22:39 install liblz4-1:amd64 <none> 1.10.0-4
2025-12-18 14:22:39 status half-installed liblz4-1:amd64 1.10.0-4
2025-12-18 14:22:39 status unpacked liblz4-1:amd64 1.10.0-4
2025-12-18 14:22:39 install liblzma5:amd64 <none> 5.8.1-1
2025-12-18 14:22:39 status half-installed liblzma5:amd64 5.8.1-1
2025-12-18 14:22:39 status unpacked liblzma5:amd64 5.8.1-1
2025-12-18 14:22:40 install libmd0:amd64 <none> 1.1.0-2+b1
2025-12-18 14:22:40 status half-installed libmd0:amd64 1.1.0-2+b1
2025-12-18 14:22:40 status unpacked libmd0:amd64 1.1.0-2+b1
2025-12-18 14:22:40 install libmount1:amd64 <none> 2.41-5
2025-12-18 14:22:40 status half-installed libmount1:amd64 2.41-5
2025-12-18 14:22:40 status unpacked libmount1:amd64 2.41-5
2025-12-18 14:22:40 install libnettle8t64:amd64 <none> 3.10.1-1
2025-12-18 14:22:40 status half-installed libnettle8t64:amd64 3.10.1-1
2025-12-18 14:22:40 status unpacked libnettle8t64:amd64 3.10.1-1
2025-12-18 14:22:40 install libpam-modules:amd64 <none> 1.7.0-5
2025-12-18 14:22:40 status half-installed libpam-modules:amd64 1.7.0-5
2025-12-18 14:22:40 status unpacked libpam-modules:amd64 1.7.0-5
2025-12-18 14:22:40 install libpam-modules-bin:amd64 <none> 1.7.0-5
2025-12-18 14:22:40 status half-installed libpam-modules-bin:amd64 1.7.0-5
2025-12-18 14:22:40 status unpacked libpam-modules-bin:amd64 1.7.0-5
2025-12-18 14:22:40 install libpam-runtime:all <none> 1.7.0-5
2025-12-18 14:22:40 status half-installed libpam-runtime:all 1.7.0-5
2025-12-18 14:22:40 status unpacked libpam-runtime:all 1.7.0-5
2025-12-18 14:22:40 install libpam0g:amd64 <none> 1.7.0-5
2025-12-18 14:22:40 status half-installed libpam0g:amd64 1.7.0-5
2025-12-18 14:22:40 status unpacked libpam0g:amd64 1.7.0-5
2025-12-18 14:22:40 install libpcre2-8-0:amd64 <none> 10.46-1~deb13u1
2025-12-18 14:22:40 status half-installed libpcre2-8-0:amd64 10.46-1~deb13u1
2025-12-18 14:22:40 status unpacked libpcre2-8-0:amd64 10.46-1~deb13u1
2025-12-18 14:22:40 install libseccomp2:amd64 <none> 2.6.0-2
2025-12-18 14:22:40 status half-installed libseccomp2:amd64 2.6.0-2
2025-12-18 14:22:40 status unpacked libseccomp2:amd64 2.6.0-2
2025-12-18 14:22:40 install libselinux1:amd64 <none> 3.8.1-1
2025-12-18 14:22:40 status half-installed libselinux1:amd64 3.8.1-1
2025-12-18 14:22:40 status unpacked libselinux1:amd64 3.8.1-1
2025-12-18 14:22:40 install libsemanage-common:all <none> 3.8.1-1
2025-12-18 14:22:40 status half-installed libsemanage-common:all 3.8.1-1
2025-12-18 14:22:40 status unpacked libsemanage-common:all 3.8.1-1
2025-12-18 14:22:40 install libsemanage2:amd64 <none> 3.8.1-1
2025-12-18 14:22:40 status half-installed libsemanage2:amd64 3.8.1-1
2025-12-18 14:22:40 status unpacked libsemanage2:amd64 3.8.1-1
2025-12-18 14:22:41 install libsepol2:amd64 <none> 3.8.1-1
2025-12-18 14:22:41 status half-installed libsepol2:amd64 3.8.1-1
2025-12-18 14:22:41 status unpacked libsepol2:amd64 3.8.1-1
2025-12-18 14:22:41 install libsmartcols1:amd64 <none> 2.41-5
2025-12-18 14:22:41 status half-installed libsmartcols1:amd64 2.41-5
2025-12-18 14:22:41 status unpacked libsmartcols1:amd64 2.41-5
2025-12-18 14:22:41 install libsqlite3-0:amd64 <none> 3.46.1-7
2025-12-18 14:22:41 status half-installed libsqlite3-0:amd64 3.46.1-7
2025-12-18 14:22:41 status unpacked libsqlite3-0:amd64 3.46.1-7
2025-12-18 14:22:41 install libssl3t64:amd64 <none> 3.5.4-1~deb13u1
2025-12-18 14:22:41 status half-installed libssl3t64:amd64 3.5.4-1~deb13u1
2025-12-18 14:22:41 status unpacked libssl3t64:amd64 3.5.4-1~deb13u1
2025-12-18 14:22:41 install libstdc++6:amd64 <none> 14.2.0-19
2025-12-18 14:22:41 status half-installed libstdc++6:amd64 14.2.0-19
2025-12-18 14:22:41 status unpacked libstdc++6:amd64 14.2.0-19
2025-12-18 14:22:41 install libsystemd0:amd64 <none> 257.9-1~deb13u1
2025-12-18 14:22:41 status half-installed libsystemd0:amd64 257.9-1~deb13u1
2025-12-18 14:22:41 status unpacked libsystemd0:amd64 257.9-1~deb13u1
2025-12-18 14:22:41 install libtinfo6:amd64 <none> 6.5+20250216-2
2025-12-18 14:22:41 status half-installed libtinfo6:amd64 6.5+20250216-2
2025-12-18 14:22:41 status unpacked libtinfo6:amd64 6.5+20250216-2
2025-12-18 14:22:41 install libudev1:amd64 <none> 257.9-1~deb13u1
2025-12-18 14:22:41 status half-installed libudev1:amd64 257.9-1~deb13u1
2025-12-18 14:22:41 status unpacked libudev1:amd64 257.9-1~deb13u1
2025-12-18 14:22:41 install libuuid1:amd64 <none> 2.41-5
2025-12-18 14:22:41 status half-installed libuuid1:amd64 2.41-5
2025-12-18 14:22:41 status unpacked libuuid1:amd64 2.41-5
2025-12-18 14:22:41 install libxxhash0:amd64 <none> 0.8.3-2
2025-12-18 14:22:41 status half-installed libxxhash0:amd64 0.8.3-2
2025-12-18 14:22:41 status unpacked libxxhash0:amd64 0.8.3-2
2025-12-18 14:22:42 install libzstd1:amd64 <none> 1.5.7+dfsg-1
2025-12-18 14:22:42 status half-installed libzstd1:amd64 1.5.7+dfsg-1
2025-12-18 14:22:42 status unpacked libzstd1:amd64 1.5.7+dfsg-1
2025-12-18 14:22:42 install login:amd64 <none> 1:4.16.0-2+really2.41-5
2025-12-18 14:22:42 status half-installed login:amd64 1:4.16.0-2+really2.41-5
2025-12-18 14:22:42 status unpacked login:amd64 1:4.16.0-2+really2.41-5
2025-12-18 14:22:42 install login.defs:all <none> 1:4.17.4-2
2025-12-18 14:22:42 status half-installed login.defs:all 1:4.17.4-2
2025-12-18 14:22:42 status unpacked login.defs:all 1:4.17.4-2
2025-12-18 14:22:42 upgrade mawk:amd64 1.3.4.20250131-1 1.3.4.20250131-1
2025-12-18 14:22:42 status half-configured mawk:amd64 1.3.4.20250131-1
2025-12-18 14:22:42 status unpacked mawk:amd64 1.3.4.20250131-1
2025-12-18 14:22:42 status half-installed mawk:amd64 1.3.4.20250131-1
2025-12-18 14:22:42 status unpacked mawk:amd64 1.3.4.20250131-1
2025-12-18 14:22:42 install mount:amd64 <none> 2.41-5
2025-12-18 14:22:42 status half-installed mount:amd64 2.41-5
2025-12-18 14:22:42 status unpacked mount:amd64 2.41-5
2025-12-18 14:22:42 install ncurses-base:all <none> 6.5+20250216-2
2025-12-18 14:22:42 status half-installed ncurses-base:all 6.5+20250216-2
2025-12-18 14:22:42 status unpacked ncurses-base:all 6.5+20250216-2
2025-12-18 14:22:42 install ncurses-bin:amd64 <none> 6.5+20250216-2
2025-12-18 14:22:42 status half-installed ncurses-bin:amd64 6.5+20250216-2
2025-12-18 14:22:42 status unpacked ncurses-bin:amd64 6.5+20250216-2
2025-12-18 14:22:42 install openssl-provider-legacy:amd64 <none> 3.5.4-1~deb13u1
2025-12-18 14:22:42 status half-installed openssl-provider-legacy:amd64 3.5.4-1~deb13u1
2025-12-18 14:22:42 status unpacked openssl-provider-legacy:amd64 3.5.4-1~deb13u1
2025-12-18 14:22:42 install passwd:amd64 <none> 1:4.17.4-2
2025-12-18 14:22:42 status half-installed passwd:amd64 1:4.17.4-2
2025-12-18 14:22:42 status unpacked passwd:amd64 1:4.17.4-2
2025-12-18 14:22:42 upgrade perl-base:amd64 5.40.1-6 5.40.1-6
2025-12-18 14:22:42 status half-configured perl-base:amd64 5.40.1-6
2025-12-18 14:22:42 status unpacked perl-base:amd64 5.40.1-6
2025-12-18 14:22:42 status half-installed perl-base:amd64 5.40.1-6
2025-12-18 14:22:43 status unpacked perl-base:amd64 5.40.1-6
2025-12-18 14:22:43 install sed:amd64 <none> 4.9-2
2025-12-18 14:22:43 status half-installed sed:amd64 4.9-2
2025-12-18 14:22:43 status unpacked sed:amd64 4.9-2
2025-12-18 14:22:43 install sqv:amd64 <none> 1.3.0-3
2025-12-18 14:22:43 status half-installed sqv:amd64 1.3.0-3
2025-12-18 14:22:43 status unpacked sqv:amd64 1.3.0-3
2025-12-18 14:22:43 install sysvinit-utils:amd64 <none> 3.14-4
2025-12-18 14:22:43 status half-installed sysvinit-utils:amd64 3.14-4
2025-12-18 14:22:43 status unpacked sysvinit-utils:amd64 3.14-4
2025-12-18 14:22:43 install tar:amd64 <none> 1.35+dfsg-3.1
2025-12-18 14:22:43 status half-installed tar:amd64 1.35+dfsg-3.1
2025-12-18 14:22:43 status unpacked tar:amd64 1.35+dfsg-3.1
2025-12-18 14:22:43 install tzdata:all <none> 2025b-4+deb13u1
2025-12-18 14:22:43 status half-installed tzdata:all 2025b-4+deb13u1
2025-12-18 14:22:43 status unpacked tzdata:all 2025b-4+deb13u1
2025-12-18 14:22:43 install usr-is-merged:all <none> 39+nmu2
2025-12-18 14:22:43 status half-installed usr-is-merged:all 39+nmu2
2025-12-18 14:22:43 status unpacked usr-is-merged:all 39+nmu2
2025-12-18 14:22:43 install util-linux:amd64 <none> 2.41-5
2025-12-18 14:22:43 status half-installed util-linux:amd64 2.41-5
2025-12-18 14:22:43 status unpacked util-linux:amd64 2.41-5
2025-12-18 14:22:43 install zlib1g:amd64 <none> 1:1.3.dfsg+really1.3.1-1+b1
2025-12-18 14:22:43 status half-installed zlib1g:amd64 1:1.3.dfsg+really1.3.1-1+b1
2025-12-18 14:22:43 status unpacked zlib1g:amd64 1:1.3.dfsg+really1.3.1-1+b1
2025-12-18 14:22:43 startup packages configure
2025-12-18 14:22:43 configure gcc-14-base:amd64 14.2.0-19 <none>
2025-12-18 14:22:43 status unpacked gcc-14-base:amd64 14.2.0-19
2025-12-18 14:22:43 status half-configured gcc-14-base:amd64 14.2.0-19
2025-12-18 14:22:43 status installed gcc-14-base:amd64 14.2.0-19
2025-12-18 14:22:43 configure login.defs:all 1:4.17.4-2 <none>
2025-12-18 14:22:43 status unpacked login.defs:all 1:4.17.4-2
2025-12-18 14:22:43 status half-configured login.defs:all 1:4.17.4-2
2025-12-18 14:22:43 status installed login.defs:all 1:4.17.4-2
2025-12-18 14:22:43 configure debian-archive-keyring:all 2025.1 <none>
2025-12-18 14:22:43 status unpacked debian-archive-keyring:all 2025.1
2025-12-18 14:22:44 status half-configured debian-archive-keyring:all 2025.1
2025-12-18 14:22:44 status installed debian-archive-keyring:all 2025.1
2025-12-18 14:22:44 configure usr-is-merged:all 39+nmu2 <none>
2025-12-18 14:22:44 status unpacked usr-is-merged:all 39+nmu2
2025-12-18 14:22:44 status half-configured usr-is-merged:all 39+nmu2
2025-12-18 14:22:44 status installed usr-is-merged:all 39+nmu2
2025-12-18 14:22:44 configure libaudit-common:all 1:4.0.2-2 <none>
2025-12-18 14:22:44 status unpacked libaudit-common:all 1:4.0.2-2
2025-12-18 14:22:44 status half-configured libaudit-common:all 1:4.0.2-2
2025-12-18 14:22:44 status installed libaudit-common:all 1:4.0.2-2
2025-12-18 14:22:44 configure libsemanage-common:all 3.8.1-1 <none>
2025-12-18 14:22:44 status unpacked libsemanage-common:all 3.8.1-1
2025-12-18 14:22:44 status half-configured libsemanage-common:all 3.8.1-1
2025-12-18 14:22:44 status installed libsemanage-common:all 3.8.1-1
2025-12-18 14:22:44 configure debconf:all 1.5.91 <none>
2025-12-18 14:22:44 status unpacked debconf:all 1.5.91
2025-12-18 14:22:44 status half-configured debconf:all 1.5.91
2025-12-18 14:22:44 status installed debconf:all 1.5.91
2025-12-18 14:22:44 configure tzdata:all 2025b-4+deb13u1 <none>
2025-12-18 14:22:44 status unpacked tzdata:all 2025b-4+deb13u1
2025-12-18 14:22:44 status half-configured tzdata:all 2025b-4+deb13u1
2025-12-18 14:22:44 status installed tzdata:all 2025b-4+deb13u1
2025-12-18 14:22:44 configure ncurses-base:all 6.5+20250216-2 <none>
2025-12-18 14:22:44 status unpacked ncurses-base:all 6.5+20250216-2
2025-12-18 14:22:44 status half-configured ncurses-base:all 6.5+20250216-2
2025-12-18 14:22:44 status installed ncurses-base:all 6.5+20250216-2
2025-12-18 14:22:44 configure init-system-helpers:all 1.69~deb13u1 <none>
2025-12-18 14:22:44 status unpacked init-system-helpers:all 1.69~deb13u1
2025-12-18 14:22:44 status half-configured init-system-helpers:all 1.69~deb13u1
2025-12-18 14:22:44 status installed init-system-helpers:all 1.69~deb13u1
2025-12-18 14:22:44 configure libgcc-s1:amd64 14.2.0-19 <none>
2025-12-18 14:22:44 status unpacked libgcc-s1:amd64 14.2.0-19
2025-12-18 14:22:44 status half-configured libgcc-s1:amd64 14.2.0-19
2025-12-18 14:22:44 status installed libgcc-s1:amd64 14.2.0-19
2025-12-18 14:22:44 configure libc6:amd64 2.41-12 <none>
2025-12-18 14:22:44 status unpacked libc6:amd64 2.41-12
2025-12-18 14:22:44 status half-configured libc6:amd64 2.41-12
2025-12-18 14:22:44 status installed libc6:amd64 2.41-12
2025-12-18 14:22:44 configure libdb5.3t64:amd64 5.3.28+dfsg2-9 <none>
2025-12-18 14:22:44 status unpacked libdb5.3t64:amd64 5.3.28+dfsg2-9
2025-12-18 14:22:44 status half-configured libdb5.3t64:amd64 5.3.28+dfsg2-9
2025-12-18 14:22:44 status installed libdb5.3t64:amd64 5.3.28+dfsg2-9
2025-12-18 14:22:44 configure libmd0:amd64 1.1.0-2+b1 <none>
2025-12-18 14:22:44 status unpacked libmd0:amd64 1.1.0-2+b1
2025-12-18 14:22:44 status half-configured libmd0:amd64 1.1.0-2+b1
2025-12-18 14:22:44 status installed libmd0:amd64 1.1.0-2+b1
2025-12-18 14:22:44 configure libxxhash0:amd64 0.8.3-2 <none>
2025-12-18 14:22:44 status unpacked libxxhash0:amd64 0.8.3-2
2025-12-18 14:22:44 status half-configured libxxhash0:amd64 0.8.3-2
2025-12-18 14:22:44 status installed libxxhash0:amd64 0.8.3-2
2025-12-18 14:22:44 configure libattr1:amd64 1:2.5.2-3 <none>
2025-12-18 14:22:44 status unpacked libattr1:amd64 1:2.5.2-3
2025-12-18 14:22:44 status half-configured libattr1:amd64 1:2.5.2-3
2025-12-18 14:22:44 status installed libattr1:amd64 1:2.5.2-3
2025-12-18 14:22:44 configure sysvinit-utils:amd64 3.14-4 <none>
2025-12-18 14:22:44 status unpacked sysvinit-utils:amd64 3.14-4
2025-12-18 14:22:44 status half-configured sysvinit-utils:amd64 3.14-4
2025-12-18 14:22:44 status installed sysvinit-utils:amd64 3.14-4
2025-12-18 14:22:45 configure debianutils:amd64 5.23.2 <none>
2025-12-18 14:22:45 status unpacked debianutils:amd64 5.23.2
2025-12-18 14:22:45 status half-configured debianutils:amd64 5.23.2
2025-12-18 14:22:45 status installed debianutils:amd64 5.23.2
2025-12-18 14:22:45 configure mawk:amd64 1.3.4.20250131-1 <none>
2025-12-18 14:22:45 status unpacked mawk:amd64 1.3.4.20250131-1
2025-12-18 14:22:45 status half-configured mawk:amd64 1.3.4.20250131-1
2025-12-18 14:22:45 status installed mawk:amd64 1.3.4.20250131-1
2025-12-18 14:22:45 configure libdebconfclient0:amd64 0.280 <none>
2025-12-18 14:22:45 status unpacked libdebconfclient0:amd64 0.280
2025-12-18 14:22:45 status half-configured libdebconfclient0:amd64 0.280
2025-12-18 14:22:45 status installed libdebconfclient0:amd64 0.280
2025-12-18 14:22:45 configure base-files:amd64 13.8+deb13u2 <none>
2025-12-18 14:22:45 status unpacked base-files:amd64 13.8+deb13u2
2025-12-18 14:22:45 status half-configured base-files:amd64 13.8+deb13u2
2025-12-18 14:22:45 status installed base-files:amd64 13.8+deb13u2
2025-12-18 14:22:45 configure libbz2-1.0:amd64 1.0.8-6 <none>
2025-12-18 14:22:45 status unpacked libbz2-1.0:amd64 1.0.8-6
2025-12-18 14:22:45 status half-configured libbz2-1.0:amd64 1.0.8-6
2025-12-18 14:22:45 status installed libbz2-1.0:amd64 1.0.8-6
2025-12-18 14:22:45 configure libbsd0:amd64 0.12.2-2 <none>
2025-12-18 14:22:45 status unpacked libbsd0:amd64 0.12.2-2
2025-12-18 14:22:45 status half-configured libbsd0:amd64 0.12.2-2
2025-12-18 14:22:45 status installed libbsd0:amd64 0.12.2-2
2025-12-18 14:22:45 configure libblkid1:amd64 2.41-5 <none>
2025-12-18 14:22:45 status unpacked libblkid1:amd64 2.41-5
2025-12-18 14:22:45 status half-configured libblkid1:amd64 2.41-5
2025-12-18 14:22:45 status installed libblkid1:amd64 2.41-5
2025-12-18 14:22:45 configure libstdc++6:amd64 14.2.0-19 <none>
2025-12-18 14:22:45 status unpacked libstdc++6:amd64 14.2.0-19
2025-12-18 14:22:45 status half-configured libstdc++6:amd64 14.2.0-19
2025-12-18 14:22:45 status installed libstdc++6:amd64 14.2.0-19
2025-12-18 14:22:45 configure dash:amd64 0.5.12-12 <none>
2025-12-18 14:22:45 status unpacked dash:amd64 0.5.12-12
2025-12-18 14:22:45 status half-configured dash:amd64 0.5.12-12
2025-12-18 14:22:45 status installed dash:amd64 0.5.12-12
2025-12-18 14:22:45 configure libtinfo6:amd64 6.5+20250216-2 <none>
2025-12-18 14:22:45 status unpacked libtinfo6:amd64 6.5+20250216-2
2025-12-18 14:22:45 status half-configured libtinfo6:amd64 6.5+20250216-2
2025-12-18 14:22:45 status installed libtinfo6:amd64 6.5+20250216-2
2025-12-18 14:22:45 configure bash:amd64 5.2.37-2+b5 <none>
2025-12-18 14:22:45 status unpacked bash:amd64 5.2.37-2+b5
2025-12-18 14:22:45 status half-configured bash:amd64 5.2.37-2+b5
2025-12-18 14:22:45 status installed bash:amd64 5.2.37-2+b5
2025-12-18 14:22:45 configure libzstd1:amd64 1.5.7+dfsg-1 <none>
2025-12-18 14:22:45 status unpacked libzstd1:amd64 1.5.7+dfsg-1
2025-12-18 14:22:45 status half-configured libzstd1:amd64 1.5.7+dfsg-1
2025-12-18 14:22:45 status installed libzstd1:amd64 1.5.7+dfsg-1
2025-12-18 14:22:45 configure liblzma5:amd64 5.8.1-1 <none>
2025-12-18 14:22:45 status unpacked liblzma5:amd64 5.8.1-1
2025-12-18 14:22:45 status half-configured liblzma5:amd64 5.8.1-1
2025-12-18 14:22:45 status installed liblzma5:amd64 5.8.1-1
2025-12-18 14:22:45 configure liblz4-1:amd64 1.10.0-4 <none>
2025-12-18 14:22:45 status unpacked liblz4-1:amd64 1.10.0-4
2025-12-18 14:22:45 status half-configured liblz4-1:amd64 1.10.0-4
2025-12-18 14:22:45 status installed liblz4-1:amd64 1.10.0-4
2025-12-18 14:22:45 configure libc-bin:amd64 2.41-12 <none>
2025-12-18 14:22:45 status unpacked libc-bin:amd64 2.41-12
2025-12-18 14:22:45 status half-configured libc-bin:amd64 2.41-12
2025-12-18 14:22:45 status installed libc-bin:amd64 2.41-12
2025-12-18 14:22:45 configure libsqlite3-0:amd64 3.46.1-7 <none>
2025-12-18 14:22:45 status triggers-pending libc-bin:amd64 2.41-12
2025-12-18 14:22:45 status unpacked libsqlite3-0:amd64 3.46.1-7
2025-12-18 14:22:45 status half-configured libsqlite3-0:amd64 3.46.1-7
2025-12-18 14:22:45 status installed libsqlite3-0:amd64 3.46.1-7
2025-12-18 14:22:45 configure ncurses-bin:amd64 6.5+20250216-2 <none>
2025-12-18 14:22:45 status unpacked ncurses-bin:amd64 6.5+20250216-2
2025-12-18 14:22:45 status half-configured ncurses-bin:amd64 6.5+20250216-2
2025-12-18 14:22:45 status installed ncurses-bin:amd64 6.5+20250216-2
2025-12-18 14:22:45 configure libacl1:amd64 2.3.2-2+b1 <none>
2025-12-18 14:22:45 status unpacked libacl1:amd64 2.3.2-2+b1
2025-12-18 14:22:45 status half-configured libacl1:amd64 2.3.2-2+b1
2025-12-18 14:22:45 status installed libacl1:amd64 2.3.2-2+b1
2025-12-18 14:22:45 configure libsmartcols1:amd64 2.41-5 <none>
2025-12-18 14:22:45 status unpacked libsmartcols1:amd64 2.41-5
2025-12-18 14:22:45 status half-configured libsmartcols1:amd64 2.41-5
2025-12-18 14:22:45 status installed libsmartcols1:amd64 2.41-5
2025-12-18 14:22:45 configure zlib1g:amd64 1:1.3.dfsg+really1.3.1-1+b1 <none>
2025-12-18 14:22:45 status unpacked zlib1g:amd64 1:1.3.dfsg+really1.3.1-1+b1
2025-12-18 14:22:45 status half-configured zlib1g:amd64 1:1.3.dfsg+really1.3.1-1+b1
2025-12-18 14:22:45 status installed zlib1g:amd64 1:1.3.dfsg+really1.3.1-1+b1
2025-12-18 14:22:45 configure libcrypt1:amd64 1:4.4.38-1 <none>
2025-12-18 14:22:45 status unpacked libcrypt1:amd64 1:4.4.38-1
2025-12-18 14:22:45 status half-configured libcrypt1:amd64 1:4.4.38-1
2025-12-18 14:22:45 status installed libcrypt1:amd64 1:4.4.38-1
2025-12-18 14:22:45 configure diffutils:amd64 1:3.10-4 <none>
2025-12-18 14:22:45 status unpacked diffutils:amd64 1:3.10-4
2025-12-18 14:22:45 status half-configured diffutils:amd64 1:3.10-4
2025-12-18 14:22:45 status installed diffutils:amd64 1:3.10-4
2025-12-18 14:22:45 configure libseccomp2:amd64 2.6.0-2 <none>
2025-12-18 14:22:45 status unpacked libseccomp2:amd64 2.6.0-2
2025-12-18 14:22:45 status half-configured libseccomp2:amd64 2.6.0-2
2025-12-18 14:22:45 status installed libseccomp2:amd64 2.6.0-2
2025-12-18 14:22:45 configure libcap2:amd64 1:2.75-10+b1 <none>
2025-12-18 14:22:45 status unpacked libcap2:amd64 1:2.75-10+b1
2025-12-18 14:22:45 status half-configured libcap2:amd64 1:2.75-10+b1
2025-12-18 14:22:45 status installed libcap2:amd64 1:2.75-10+b1
2025-12-18 14:22:45 configure perl-base:amd64 5.40.1-6 <none>
2025-12-18 14:22:45 status unpacked perl-base:amd64 5.40.1-6
2025-12-18 14:22:45 status half-configured perl-base:amd64 5.40.1-6
2025-12-18 14:22:45 status installed perl-base:amd64 5.40.1-6
2025-12-18 14:22:45 configure openssl-provider-legacy:amd64 3.5.4-1~deb13u1 <none>
2025-12-18 14:22:45 status unpacked openssl-provider-legacy:amd64 3.5.4-1~deb13u1
2025-12-18 14:22:45 status half-configured openssl-provider-legacy:amd64 3.5.4-1~deb13u1
2025-12-18 14:22:45 status installed openssl-provider-legacy:amd64 3.5.4-1~deb13u1
2025-12-18 14:22:45 configure hostname:amd64 3.25 <none>
2025-12-18 14:22:45 status unpacked hostname:amd64 3.25
2025-12-18 14:22:45 status half-configured hostname:amd64 3.25
2025-12-18 14:22:45 status installed hostname:amd64 3.25
2025-12-18 14:22:45 configure libcap-ng0:amd64 0.8.5-4+b1 <none>
2025-12-18 14:22:45 status unpacked libcap-ng0:amd64 0.8.5-4+b1
2025-12-18 14:22:45 status half-configured libcap-ng0:amd64 0.8.5-4+b1
2025-12-18 14:22:45 status installed libcap-ng0:amd64 0.8.5-4+b1
2025-12-18 14:22:45 configure libnettle8t64:amd64 3.10.1-1 <none>
2025-12-18 14:22:45 status unpacked libnettle8t64:amd64 3.10.1-1
2025-12-18 14:22:45 status half-configured libnettle8t64:amd64 3.10.1-1
2025-12-18 14:22:45 status installed libnettle8t64:amd64 3.10.1-1
2025-12-18 14:22:45 configure libgmp10:amd64 2:6.3.0+dfsg-3 <none>
2025-12-18 14:22:45 status unpacked libgmp10:amd64 2:6.3.0+dfsg-3
2025-12-18 14:22:45 status half-configured libgmp10:amd64 2:6.3.0+dfsg-3
2025-12-18 14:22:45 status installed libgmp10:amd64 2:6.3.0+dfsg-3
2025-12-18 14:22:45 configure libaudit1:amd64 1:4.0.2-2+b2 <none>
2025-12-18 14:22:45 status unpacked libaudit1:amd64 1:4.0.2-2+b2
2025-12-18 14:22:45 status half-configured libaudit1:amd64 1:4.0.2-2+b2
2025-12-18 14:22:45 status installed libaudit1:amd64 1:4.0.2-2+b2
2025-12-18 14:22:45 configure gzip:amd64 1.13-1 <none>
2025-12-18 14:22:45 status unpacked gzip:amd64 1.13-1
2025-12-18 14:22:45 status half-configured gzip:amd64 1.13-1
2025-12-18 14:22:45 status installed gzip:amd64 1.13-1
2025-12-18 14:22:45 configure libuuid1:amd64 2.41-5 <none>
2025-12-18 14:22:45 status unpacked libuuid1:amd64 2.41-5
2025-12-18 14:22:45 status half-configured libuuid1:amd64 2.41-5
2025-12-18 14:22:45 status installed libuuid1:amd64 2.41-5
2025-12-18 14:22:45 configure libsepol2:amd64 3.8.1-1 <none>
2025-12-18 14:22:45 status unpacked libsepol2:amd64 3.8.1-1
2025-12-18 14:22:45 status half-configured libsepol2:amd64 3.8.1-1
2025-12-18 14:22:45 status installed libsepol2:amd64 3.8.1-1
2025-12-18 14:22:45 configure libpcre2-8-0:amd64 10.46-1~deb13u1 <none>
2025-12-18 14:22:45 status unpacked libpcre2-8-0:amd64 10.46-1~deb13u1
2025-12-18 14:22:45 status half-configured libpcre2-8-0:amd64 10.46-1~deb13u1
2025-12-18 14:22:45 status installed libpcre2-8-0:amd64 10.46-1~deb13u1
2025-12-18 14:22:45 configure libudev1:amd64 257.9-1~deb13u1 <none>
2025-12-18 14:22:45 status unpacked libudev1:amd64 257.9-1~deb13u1
2025-12-18 14:22:45 status half-configured libudev1:amd64 257.9-1~deb13u1
2025-12-18 14:22:45 status installed libudev1:amd64 257.9-1~deb13u1
2025-12-18 14:22:45 configure libhogweed6t64:amd64 3.10.1-1 <none>
2025-12-18 14:22:45 status unpacked libhogweed6t64:amd64 3.10.1-1
2025-12-18 14:22:45 status half-configured libhogweed6t64:amd64 3.10.1-1
2025-12-18 14:22:45 status installed libhogweed6t64:amd64 3.10.1-1
2025-12-18 14:22:45 configure sqv:amd64 1.3.0-3 <none>
2025-12-18 14:22:45 status unpacked sqv:amd64 1.3.0-3
2025-12-18 14:22:45 status half-configured sqv:amd64 1.3.0-3
2025-12-18 14:22:45 status installed sqv:amd64 1.3.0-3
2025-12-18 14:22:45 configure grep:amd64 3.11-4 <none>
2025-12-18 14:22:45 status unpacked grep:amd64 3.11-4
2025-12-18 14:22:45 status half-configured grep:amd64 3.11-4
2025-12-18 14:22:45 status installed grep:amd64 3.11-4
2025-12-18 14:22:45 configure libssl3t64:amd64 3.5.4-1~deb13u1 <none>
2025-12-18 14:22:45 status unpacked libssl3t64:amd64 3.5.4-1~deb13u1
2025-12-18 14:22:45 status half-configured libssl3t64:amd64 3.5.4-1~deb13u1
2025-12-18 14:22:45 status installed libssl3t64:amd64 3.5.4-1~deb13u1
2025-12-18 14:22:45 configure liblastlog2-2:amd64 2.41-5 <none>
2025-12-18 14:22:45 status unpacked liblastlog2-2:amd64 2.41-5
2025-12-18 14:22:45 status half-configured liblastlog2-2:amd64 2.41-5
2025-12-18 14:22:45 status installed liblastlog2-2:amd64 2.41-5
2025-12-18 14:22:45 configure libsystemd0:amd64 257.9-1~deb13u1 <none>
2025-12-18 14:22:45 status unpacked libsystemd0:amd64 257.9-1~deb13u1
2025-12-18 14:22:45 status half-configured libsystemd0:amd64 257.9-1~deb13u1
2025-12-18 14:22:45 status installed libsystemd0:amd64 257.9-1~deb13u1
2025-12-18 14:22:45 configure libselinux1:amd64 3.8.1-1 <none>
2025-12-18 14:22:45 status unpacked libselinux1:amd64 3.8.1-1
2025-12-18 14:22:45 status half-configured libselinux1:amd64 3.8.1-1
2025-12-18 14:22:46 status installed libselinux1:amd64 3.8.1-1
2025-12-18 14:22:46 configure libpam0g:amd64 1.7.0-5 <none>
2025-12-18 14:22:46 status unpacked libpam0g:amd64 1.7.0-5
2025-12-18 14:22:46 status half-configured libpam0g:amd64 1.7.0-5
2025-12-18 14:22:46 status installed libpam0g:amd64 1.7.0-5
2025-12-18 14:22:46 configure sed:amd64 4.9-2 <none>
2025-12-18 14:22:46 status unpacked sed:amd64 4.9-2
2025-12-18 14:22:46 status half-configured sed:amd64 4.9-2
2025-12-18 14:22:46 status installed sed:amd64 4.9-2
2025-12-18 14:22:46 configure findutils:amd64 4.10.0-3 <none>
2025-12-18 14:22:46 status unpacked findutils:amd64 4.10.0-3
2025-12-18 14:22:46 status half-configured findutils:amd64 4.10.0-3
2025-12-18 14:22:46 status installed findutils:amd64 4.10.0-3
2025-12-18 14:22:46 configure libmount1:amd64 2.41-5 <none>
2025-12-18 14:22:46 status unpacked libmount1:amd64 2.41-5
2025-12-18 14:22:46 status half-configured libmount1:amd64 2.41-5
2025-12-18 14:22:46 status installed libmount1:amd64 2.41-5
2025-12-18 14:22:46 configure libsemanage2:amd64 3.8.1-1 <none>
2025-12-18 14:22:46 status unpacked libsemanage2:amd64 3.8.1-1
2025-12-18 14:22:46 status half-configured libsemanage2:amd64 3.8.1-1
2025-12-18 14:22:46 status installed libsemanage2:amd64 3.8.1-1
2025-12-18 14:22:46 configure libapt-pkg7.0:amd64 3.0.3 <none>
2025-12-18 14:22:46 status unpacked libapt-pkg7.0:amd64 3.0.3
2025-12-18 14:22:46 status half-configured libapt-pkg7.0:amd64 3.0.3
2025-12-18 14:22:46 status installed libapt-pkg7.0:amd64 3.0.3
2025-12-18 14:22:46 configure base-passwd:amd64 3.6.7 <none>
2025-12-18 14:22:46 status unpacked base-passwd:amd64 3.6.7
2025-12-18 14:22:46 status half-configured base-passwd:amd64 3.6.7
2025-12-18 14:22:46 status installed base-passwd:amd64 3.6.7
2025-12-18 14:22:46 configure apt:amd64 3.0.3 <none>
2025-12-18 14:22:46 status unpacked apt:amd64 3.0.3
2025-12-18 14:22:46 status half-configured apt:amd64 3.0.3
2025-12-18 14:22:46 status installed apt:amd64 3.0.3
2025-12-18 14:22:46 configure bsdutils:amd64 1:2.41-5 <none>
2025-12-18 14:22:46 status unpacked bsdutils:amd64 1:2.41-5
2025-12-18 14:22:46 status half-configured bsdutils:amd64 1:2.41-5
2025-12-18 14:22:46 status installed bsdutils:amd64 1:2.41-5
2025-12-18 14:22:46 configure tar:amd64 1.35+dfsg-3.1 <none>
2025-12-18 14:22:46 status unpacked tar:amd64 1.35+dfsg-3.1
2025-12-18 14:22:46 status half-configured tar:amd64 1.35+dfsg-3.1
2025-12-18 14:22:46 status installed tar:amd64 1.35+dfsg-3.1
2025-12-18 14:22:46 configure libpam-modules-bin:amd64 1.7.0-5 <none>
2025-12-18 14:22:46 status unpacked libpam-modules-bin:amd64 1.7.0-5
2025-12-18 14:22:46 status half-configured libpam-modules-bin:amd64 1.7.0-5
2025-12-18 14:22:46 status installed libpam-modules-bin:amd64 1.7.0-5
2025-12-18 14:22:46 configure coreutils:amd64 9.7-3 <none>
2025-12-18 14:22:46 status unpacked coreutils:amd64 9.7-3
2025-12-18 14:22:46 status half-configured coreutils:amd64 9.7-3
2025-12-18 14:22:46 status installed coreutils:amd64 9.7-3
2025-12-18 14:22:46 configure dpkg:amd64 1.22.21 <none>
2025-12-18 14:22:46 status unpacked dpkg:amd64 1.22.21
2025-12-18 14:22:46 status half-configured dpkg:amd64 1.22.21
2025-12-18 14:22:46 status installed dpkg:amd64 1.22.21
2025-12-18 14:22:46 configure mount:amd64 2.41-5 <none>
2025-12-18 14:22:46 status unpacked mount:amd64 2.41-5
2025-12-18 14:22:46 status half-configured mount:amd64 2.41-5
2025-12-18 14:22:46 status installed mount:amd64 2.41-5
2025-12-18 14:22:46 configure libpam-modules:amd64 1.7.0-5 <none>
2025-12-18 14:22:46 status unpacked libpam-modules:amd64 1.7.0-5
2025-12-18 14:22:47 status half-configured libpam-modules:amd64 1.7.0-5
2025-12-18 14:22:47 status installed libpam-modules:amd64 1.7.0-5
2025-12-18 14:22:47 configure passwd:amd64 1:4.17.4-2 <none>
2025-12-18 14:22:47 status unpacked passwd:amd64 1:4.17.4-2
2025-12-18 14:22:47 status half-configured passwd:amd64 1:4.17.4-2
2025-12-18 14:22:47 status installed passwd:amd64 1:4.17.4-2
2025-12-18 14:22:47 configure libpam-runtime:all 1.7.0-5 <none>
2025-12-18 14:22:47 status unpacked libpam-runtime:all 1.7.0-5
2025-12-18 14:22:47 status half-configured libpam-runtime:all 1.7.0-5
2025-12-18 14:22:47 status installed libpam-runtime:all 1.7.0-5
2025-12-18 14:22:47 configure login:amd64 1:4.16.0-2+really2.41-5 <none>
2025-12-18 14:22:47 status unpacked login:amd64 1:4.16.0-2+really2.41-5
2025-12-18 14:22:47 status half-configured login:amd64 1:4.16.0-2+really2.41-5
2025-12-18 14:22:47 status installed login:amd64 1:4.16.0-2+really2.41-5
2025-12-18 14:22:47 configure util-linux:amd64 2.41-5 <none>
2025-12-18 14:22:47 status unpacked util-linux:amd64 2.41-5
2025-12-18 14:22:47 status half-configured util-linux:amd64 2.41-5
2025-12-18 14:22:47 status installed util-linux:amd64 2.41-5
2025-12-18 14:22:47 trigproc libc-bin:amd64 2.41-12 <none>
2025-12-18 14:22:47 status half-configured libc-bin:amd64 2.41-12
2025-12-18 14:22:47 status installed libc-bin:amd64 2.41-12
2025-12-18 14:22:53 startup archives install
2025-12-18 14:22:53 install libsystemd-shared:amd64 <none> 257.9-1~deb13u1
2025-12-18 14:22:53 status half-installed libsystemd-shared:amd64 257.9-1~deb13u1
2025-12-18 14:22:54 status unpacked libsystemd-shared:amd64 257.9-1~deb13u1
2025-12-18 14:22:54 configure libsystemd-shared:amd64 257.9-1~deb13u1 257.9-1~deb13u1
2025-12-18 14:22:54 status half-configured libsystemd-shared:amd64 257.9-1~deb13u1
2025-12-18 14:22:54 status installed libsystemd-shared:amd64 257.9-1~deb13u1
2025-12-18 14:23:00 startup archives install
2025-12-18 14:23:00 install libapparmor1:amd64 <none> 4.1.0-1
2025-12-18 14:23:00 status triggers-pending libc-bin:amd64 2.41-12
2025-12-18 14:23:00 status half-installed libapparmor1:amd64 4.1.0-1
2025-12-18 14:23:00 status unpacked libapparmor1:amd64 4.1.0-1
2025-12-18 14:23:00 install systemd:amd64 <none> 257.9-1~deb13u1
2025-12-18 14:23:00 status half-installed systemd:amd64 257.9-1~deb13u1
2025-12-18 14:23:00 status unpacked systemd:amd64 257.9-1~deb13u1
2025-12-18 14:23:00 configure libapparmor1:amd64 4.1.0-1 4.1.0-1
2025-12-18 14:23:00 status half-configured libapparmor1:amd64 4.1.0-1
2025-12-18 14:23:00 status installed libapparmor1:amd64 4.1.0-1
2025-12-18 14:23:00 configure systemd:amd64 257.9-1~deb13u1 257.9-1~deb13u1
2025-12-18 14:23:00 status half-configured systemd:amd64 257.9-1~deb13u1
2025-12-18 14:23:01 status installed systemd:amd64 257.9-1~deb13u1
2025-12-18 14:23:01 trigproc libc-bin:amd64 2.41-12 <none>
2025-12-18 14:23:01 status half-configured libc-bin:amd64 2.41-12
2025-12-18 14:23:01 status installed libc-bin:amd64 2.41-12
2025-12-18 14:23:08 startup archives install
2025-12-18 14:23:08 install systemd-sysv:amd64 <none> 257.9-1~deb13u1
2025-12-18 14:23:08 status half-installed systemd-sysv:amd64 257.9-1~deb13u1
2025-12-18 14:23:08 status unpacked systemd-sysv:amd64 257.9-1~deb13u1
2025-12-18 14:23:08 configure systemd-sysv:amd64 257.9-1~deb13u1 257.9-1~deb13u1
2025-12-18 14:23:08 status half-configured systemd-sysv:amd64 257.9-1~deb13u1
2025-12-18 14:23:08 status installed systemd-sysv:amd64 257.9-1~deb13u1
2025-12-18 14:23:15 startup archives install
2025-12-18 14:23:15 install adduser:all <none> 3.152
2025-12-18 14:23:15 status half-installed adduser:all 3.152
2025-12-18 14:23:15 status unpacked adduser:all 3.152
2025-12-18 14:23:15 install cron-daemon-common:all <none> 3.0pl1-197
2025-12-18 14:23:15 status half-installed cron-daemon-common:all 3.0pl1-197
2025-12-18 14:23:16 status unpacked cron-daemon-common:all 3.0pl1-197
2025-12-18 14:23:16 configure adduser:all 3.152 3.152
2025-12-18 14:23:16 status half-configured adduser:all 3.152
2025-12-18 14:23:16 status installed adduser:all 3.152
2025-12-18 14:23:16 configure cron-daemon-common:all 3.0pl1-197 3.0pl1-197
2025-12-18 14:23:16 status half-configured cron-daemon-common:all 3.0pl1-197
2025-12-18 14:23:16 status installed cron-daemon-common:all 3.0pl1-197
2025-12-18 14:23:22 startup archives install
2025-12-18 14:23:22 install libcom-err2:amd64 <none> 1.47.2-3+b3
2025-12-18 14:23:22 status triggers-pending libc-bin:amd64 2.41-12
2025-12-18 14:23:22 status half-installed libcom-err2:amd64 1.47.2-3+b3
2025-12-18 14:23:22 status unpacked libcom-err2:amd64 1.47.2-3+b3
2025-12-18 14:23:22 configure libcom-err2:amd64 1.47.2-3+b3 1.47.2-3+b3
2025-12-18 14:23:22 status half-configured libcom-err2:amd64 1.47.2-3+b3
2025-12-18 14:23:22 status installed libcom-err2:amd64 1.47.2-3+b3
2025-12-18 14:23:22 trigproc libc-bin:amd64 2.41-12 <none>
2025-12-18 14:23:22 status half-configured libc-bin:amd64 2.41-12
2025-12-18 14:23:22 status installed libc-bin:amd64 2.41-12
2025-12-18 14:23:27 startup archives install
2025-12-18 14:23:28 install libext2fs2t64:amd64 <none> 1.47.2-3+b3
2025-12-18 14:23:28 status triggers-pending libc-bin:amd64 2.41-12
2025-12-18 14:23:28 status half-installed libext2fs2t64:amd64 1.47.2-3+b3
2025-12-18 14:23:28 status unpacked libext2fs2t64:amd64 1.47.2-3+b3
2025-12-18 14:23:28 configure libext2fs2t64:amd64 1.47.2-3+b3 1.47.2-3+b3
2025-12-18 14:23:28 status half-configured libext2fs2t64:amd64 1.47.2-3+b3
2025-12-18 14:23:28 status installed libext2fs2t64:amd64 1.47.2-3+b3
2025-12-18 14:23:28 trigproc libc-bin:amd64 2.41-12 <none>
2025-12-18 14:23:28 status half-configured libc-bin:amd64 2.41-12
2025-12-18 14:23:28 status installed libc-bin:amd64 2.41-12
2025-12-18 14:23:34 startup archives install
2025-12-18 14:23:34 install libss2:amd64 <none> 1.47.2-3+b3
2025-12-18 14:23:34 status triggers-pending libc-bin:amd64 2.41-12
2025-12-18 14:23:34 status half-installed libss2:amd64 1.47.2-3+b3
2025-12-18 14:23:34 status unpacked libss2:amd64 1.47.2-3+b3
2025-12-18 14:23:34 configure libss2:amd64 1.47.2-3+b3 1.47.2-3+b3
2025-12-18 14:23:34 status half-configured libss2:amd64 1.47.2-3+b3
2025-12-18 14:23:34 status installed libss2:amd64 1.47.2-3+b3
2025-12-18 14:23:34 trigproc libc-bin:amd64 2.41-12 <none>
2025-12-18 14:23:34 status half-configured libc-bin:amd64 2.41-12
2025-12-18 14:23:34 status installed libc-bin:amd64 2.41-12
2025-12-18 14:23:34 startup archives unpack
2025-12-18 14:23:34 install apt-utils:amd64 <none> 3.0.3
2025-12-18 14:23:34 status half-installed apt-utils:amd64 3.0.3
2025-12-18 14:23:34 status unpacked apt-utils:amd64 3.0.3
2025-12-18 14:23:34 install cpio:amd64 <none> 2.15+dfsg-2
2025-12-18 14:23:34 status half-installed cpio:amd64 2.15+dfsg-2
2025-12-18 14:23:34 status unpacked cpio:amd64 2.15+dfsg-2
2025-12-18 14:23:34 install cron:amd64 <none> 3.0pl1-197
2025-12-18 14:23:34 status half-installed cron:amd64 3.0pl1-197
2025-12-18 14:23:34 status unpacked cron:amd64 3.0pl1-197
2025-12-18 14:23:34 install debconf-i18n:all <none> 1.5.91
2025-12-18 14:23:34 status half-installed debconf-i18n:all 1.5.91
2025-12-18 14:23:34 status unpacked debconf-i18n:all 1.5.91
2025-12-18 14:23:34 install dhcpcd-base:amd64 <none> 1:10.1.0-11+deb13u1
2025-12-18 14:23:34 status half-installed dhcpcd-base:amd64 1:10.1.0-11+deb13u1
2025-12-18 14:23:34 status unpacked dhcpcd-base:amd64 1:10.1.0-11+deb13u1
2025-12-18 14:23:34 install dmidecode:amd64 <none> 3.6-2
2025-12-18 14:23:34 status half-installed dmidecode:amd64 3.6-2
2025-12-18 14:23:35 status unpacked dmidecode:amd64 3.6-2
2025-12-18 14:23:35 install e2fsprogs:amd64 <none> 1.47.2-3+b3
2025-12-18 14:23:35 status half-installed e2fsprogs:amd64 1.47.2-3+b3
2025-12-18 14:23:35 status unpacked e2fsprogs:amd64 1.47.2-3+b3
2025-12-18 14:23:35 install fdisk:amd64 <none> 2.41-5
2025-12-18 14:23:35 status half-installed fdisk:amd64 2.41-5
2025-12-18 14:23:35 status unpacked fdisk:amd64 2.41-5
2025-12-18 14:23:35 install ifupdown:amd64 <none> 0.8.44
2025-12-18 14:23:35 status half-installed ifupdown:amd64 0.8.44
2025-12-18 14:23:35 status unpacked ifupdown:amd64 0.8.44
2025-12-18 14:23:35 install init:amd64 <none> 1.69~deb13u1
2025-12-18 14:23:35 status half-installed init:amd64 1.69~deb13u1
2025-12-18 14:23:35 status unpacked init:amd64 1.69~deb13u1
2025-12-18 14:23:35 install iproute2:amd64 <none> 6.15.0-1
2025-12-18 14:23:35 status half-installed iproute2:amd64 6.15.0-1
2025-12-18 14:23:35 status unpacked iproute2:amd64 6.15.0-1
2025-12-18 14:23:35 install iputils-ping:amd64 <none> 3:20240905-3
2025-12-18 14:23:35 status half-installed iputils-ping:amd64 3:20240905-3
2025-12-18 14:23:35 status unpacked iputils-ping:amd64 3:20240905-3
2025-12-18 14:23:35 install kmod:amd64 <none> 34.2-2
2025-12-18 14:23:35 status half-installed kmod:amd64 34.2-2
2025-12-18 14:23:35 status unpacked kmod:amd64 34.2-2
2025-12-18 14:23:35 install less:amd64 <none> 668-1
2025-12-18 14:23:35 status half-installed less:amd64 668-1
2025-12-18 14:23:35 status unpacked less:amd64 668-1
2025-12-18 14:23:35 install libbpf1:amd64 <none> 1:1.5.0-3
2025-12-18 14:23:35 status triggers-pending libc-bin:amd64 2.41-12
2025-12-18 14:23:35 status half-installed libbpf1:amd64 1:1.5.0-3
2025-12-18 14:23:36 status unpacked libbpf1:amd64 1:1.5.0-3
2025-12-18 14:23:36 install libcap2-bin:amd64 <none> 1:2.75-10+b1
2025-12-18 14:23:36 status half-installed libcap2-bin:amd64 1:2.75-10+b1
2025-12-18 14:23:36 status unpacked libcap2-bin:amd64 1:2.75-10+b1
2025-12-18 14:23:36 install libedit2:amd64 <none> 3.1-20250104-1
2025-12-18 14:23:36 status half-installed libedit2:amd64 3.1-20250104-1
2025-12-18 14:23:36 status unpacked libedit2:amd64 3.1-20250104-1
2025-12-18 14:23:36 install libelf1t64:amd64 <none> 0.192-4
2025-12-18 14:23:36 status half-installed libelf1t64:amd64 0.192-4
2025-12-18 14:23:36 status unpacked libelf1t64:amd64 0.192-4
2025-12-18 14:23:36 install libfdisk1:amd64 <none> 2.41-5
2025-12-18 14:23:36 status half-installed libfdisk1:amd64 2.41-5
2025-12-18 14:23:36 status unpacked libfdisk1:amd64 2.41-5
2025-12-18 14:23:36 install libgssapi-krb5-2:amd64 <none> 1.21.3-5
2025-12-18 14:23:36 status half-installed libgssapi-krb5-2:amd64 1.21.3-5
2025-12-18 14:23:36 status unpacked libgssapi-krb5-2:amd64 1.21.3-5
2025-12-18 14:23:36 install libidn2-0:amd64 <none> 2.3.8-2
2025-12-18 14:23:36 status half-installed libidn2-0:amd64 2.3.8-2
2025-12-18 14:23:36 status unpacked libidn2-0:amd64 2.3.8-2
2025-12-18 14:23:36 install libjansson4:amd64 <none> 2.14-2+b3
2025-12-18 14:23:36 status half-installed libjansson4:amd64 2.14-2+b3
2025-12-18 14:23:36 status unpacked libjansson4:amd64 2.14-2+b3
2025-12-18 14:23:36 install libk5crypto3:amd64 <none> 1.21.3-5
2025-12-18 14:23:36 status half-installed libk5crypto3:amd64 1.21.3-5
2025-12-18 14:23:36 status unpacked libk5crypto3:amd64 1.21.3-5
2025-12-18 14:23:36 install libkeyutils1:amd64 <none> 1.6.3-6
2025-12-18 14:23:36 status half-installed libkeyutils1:amd64 1.6.3-6
2025-12-18 14:23:36 status unpacked libkeyutils1:amd64 1.6.3-6
2025-12-18 14:23:36 install libkmod2:amd64 <none> 34.2-2
2025-12-18 14:23:36 status half-installed libkmod2:amd64 34.2-2
2025-12-18 14:23:36 status unpacked libkmod2:amd64 34.2-2
2025-12-18 14:23:36 install libkrb5-3:amd64 <none> 1.21.3-5
2025-12-18 14:23:36 status half-installed libkrb5-3:amd64 1.21.3-5
2025-12-18 14:23:36 status unpacked libkrb5-3:amd64 1.21.3-5
2025-12-18 14:23:36 install libkrb5support0:amd64 <none> 1.21.3-5
2025-12-18 14:23:36 status half-installed libkrb5support0:amd64 1.21.3-5
2025-12-18 14:23:36 status unpacked libkrb5support0:amd64 1.21.3-5
2025-12-18 14:23:36 install liblocale-gettext-perl:amd64 <none> 1.07-7+b1
2025-12-18 14:23:36 status half-installed liblocale-gettext-perl:amd64 1.07-7+b1
2025-12-18 14:23:36 status unpacked liblocale-gettext-perl:amd64 1.07-7+b1
2025-12-18 14:23:36 install libmnl0:amd64 <none> 1.0.5-3
2025-12-18 14:23:36 status half-installed libmnl0:amd64 1.0.5-3
2025-12-18 14:23:36 status unpacked libmnl0:amd64 1.0.5-3
2025-12-18 14:23:37 install libncursesw6:amd64 <none> 6.5+20250216-2
2025-12-18 14:23:37 status half-installed libncursesw6:amd64 6.5+20250216-2
2025-12-18 14:23:37 status unpacked libncursesw6:amd64 6.5+20250216-2
2025-12-18 14:23:37 install libnewt0.52:amd64 <none> 0.52.25-1
2025-12-18 14:23:37 status half-installed libnewt0.52:amd64 0.52.25-1
2025-12-18 14:23:37 status unpacked libnewt0.52:amd64 0.52.25-1
2025-12-18 14:23:37 install libnftables1:amd64 <none> 1.1.3-1
2025-12-18 14:23:37 status half-installed libnftables1:amd64 1.1.3-1
2025-12-18 14:23:37 status unpacked libnftables1:amd64 1.1.3-1
2025-12-18 14:23:37 install libnftnl11:amd64 <none> 1.2.9-1
2025-12-18 14:23:37 status half-installed libnftnl11:amd64 1.2.9-1
2025-12-18 14:23:37 status unpacked libnftnl11:amd64 1.2.9-1
2025-12-18 14:23:37 install libpopt0:amd64 <none> 1.19+dfsg-2
2025-12-18 14:23:37 status half-installed libpopt0:amd64 1.19+dfsg-2
2025-12-18 14:23:37 status unpacked libpopt0:amd64 1.19+dfsg-2
2025-12-18 14:23:37 install libproc2-0:amd64 <none> 2:4.0.4-9
2025-12-18 14:23:37 status half-installed libproc2-0:amd64 2:4.0.4-9
2025-12-18 14:23:37 status unpacked libproc2-0:amd64 2:4.0.4-9
2025-12-18 14:23:37 install libreadline8t64:amd64 <none> 8.2-6
2025-12-18 14:23:37 status half-installed libreadline8t64:amd64 8.2-6
2025-12-18 14:23:37 status unpacked libreadline8t64:amd64 8.2-6
2025-12-18 14:23:37 install libslang2:amd64 <none> 2.3.3-5+b2
2025-12-18 14:23:37 status half-installed libslang2:amd64 2.3.3-5+b2
2025-12-18 14:23:37 status unpacked libslang2:amd64 2.3.3-5+b2
2025-12-18 14:23:37 install libtext-charwidth-perl:amd64 <none> 0.04-11+b4
2025-12-18 14:23:37 status half-installed libtext-charwidth-perl:amd64 0.04-11+b4
2025-12-18 14:23:37 status unpacked libtext-charwidth-perl:amd64 0.04-11+b4
2025-12-18 14:23:37 install libtext-iconv-perl:amd64 <none> 1.7-8+b4
2025-12-18 14:23:37 status half-installed libtext-iconv-perl:amd64 1.7-8+b4
2025-12-18 14:23:37 status unpacked libtext-iconv-perl:amd64 1.7-8+b4
2025-12-18 14:23:37 install libtext-wrapi18n-perl:all <none> 0.06-10
2025-12-18 14:23:37 status half-installed libtext-wrapi18n-perl:all 0.06-10
2025-12-18 14:23:37 status unpacked libtext-wrapi18n-perl:all 0.06-10
2025-12-18 14:23:37 install libtirpc-common:all <none> 1.3.6+ds-1
2025-12-18 14:23:37 status half-installed libtirpc-common:all 1.3.6+ds-1
2025-12-18 14:23:37 status unpacked libtirpc-common:all 1.3.6+ds-1
2025-12-18 14:23:37 install libtirpc3t64:amd64 <none> 1.3.6+ds-1
2025-12-18 14:23:37 status half-installed libtirpc3t64:amd64 1.3.6+ds-1
2025-12-18 14:23:38 status unpacked libtirpc3t64:amd64 1.3.6+ds-1
2025-12-18 14:23:38 install libunistring5:amd64 <none> 1.3-2
2025-12-18 14:23:38 status half-installed libunistring5:amd64 1.3-2
2025-12-18 14:23:38 status unpacked libunistring5:amd64 1.3-2
2025-12-18 14:23:38 install libxtables12:amd64 <none> 1.8.11-2
2025-12-18 14:23:38 status half-installed libxtables12:amd64 1.8.11-2
2025-12-18 14:23:38 status unpacked libxtables12:amd64 1.8.11-2
2025-12-18 14:23:38 install linux-sysctl-defaults:all <none> 4.12
2025-12-18 14:23:38 status half-installed linux-sysctl-defaults:all 4.12
2025-12-18 14:23:38 status triggers-pending systemd:amd64 257.9-1~deb13u1
2025-12-18 14:23:38 status unpacked linux-sysctl-defaults:all 4.12
2025-12-18 14:23:38 install logrotate:amd64 <none> 3.22.0-1
2025-12-18 14:23:38 status half-installed logrotate:amd64 3.22.0-1
2025-12-18 14:23:38 status unpacked logrotate:amd64 3.22.0-1
2025-12-18 14:23:38 install logsave:amd64 <none> 1.47.2-3+b3
2025-12-18 14:23:38 status half-installed logsave:amd64 1.47.2-3+b3
2025-12-18 14:23:38 status unpacked logsave:amd64 1.47.2-3+b3
2025-12-18 14:23:38 install nano:amd64 <none> 8.4-1
2025-12-18 14:23:38 status half-installed nano:amd64 8.4-1
2025-12-18 14:23:38 status unpacked nano:amd64 8.4-1
2025-12-18 14:23:38 install netbase:all <none> 6.5
2025-12-18 14:23:38 status half-installed netbase:all 6.5
2025-12-18 14:23:38 status unpacked netbase:all 6.5
2025-12-18 14:23:38 install nftables:amd64 <none> 1.1.3-1
2025-12-18 14:23:38 status half-installed nftables:amd64 1.1.3-1
2025-12-18 14:23:38 status unpacked nftables:amd64 1.1.3-1
2025-12-18 14:23:38 install procps:amd64 <none> 2:4.0.4-9
2025-12-18 14:23:38 status half-installed procps:amd64 2:4.0.4-9
2025-12-18 14:23:38 status unpacked procps:amd64 2:4.0.4-9
2025-12-18 14:23:38 install readline-common:all <none> 8.2-6
2025-12-18 14:23:38 status half-installed readline-common:all 8.2-6
2025-12-18 14:23:38 status unpacked readline-common:all 8.2-6
2025-12-18 14:23:38 install sensible-utils:all <none> 0.0.25
2025-12-18 14:23:38 status half-installed sensible-utils:all 0.0.25
2025-12-18 14:23:38 status unpacked sensible-utils:all 0.0.25
2025-12-18 14:23:38 install udev:amd64 <none> 257.9-1~deb13u1
2025-12-18 14:23:38 status half-installed udev:amd64 257.9-1~deb13u1
2025-12-18 14:23:39 status unpacked udev:amd64 257.9-1~deb13u1
2025-12-18 14:23:39 install vim-common:all <none> 2:9.1.1230-2
2025-12-18 14:23:39 status half-installed vim-common:all 2:9.1.1230-2
2025-12-18 14:23:39 status unpacked vim-common:all 2:9.1.1230-2
2025-12-18 14:23:39 install vim-tiny:amd64 <none> 2:9.1.1230-2
2025-12-18 14:23:39 status half-installed vim-tiny:amd64 2:9.1.1230-2
2025-12-18 14:23:39 status unpacked vim-tiny:amd64 2:9.1.1230-2
2025-12-18 14:23:39 install whiptail:amd64 <none> 0.52.25-1
2025-12-18 14:23:39 status half-installed whiptail:amd64 0.52.25-1
2025-12-18 14:23:39 status unpacked whiptail:amd64 0.52.25-1
2025-12-18 14:23:39 trigproc libc-bin:amd64 2.41-12 <none>
2025-12-18 14:23:39 status half-configured libc-bin:amd64 2.41-12
2025-12-18 14:23:39 status installed libc-bin:amd64 2.41-12
2025-12-18 14:23:39 trigproc systemd:amd64 257.9-1~deb13u1 <none>
2025-12-18 14:23:39 status half-configured systemd:amd64 257.9-1~deb13u1
2025-12-18 14:23:39 status installed systemd:amd64 257.9-1~deb13u1
2025-12-18 14:23:39 startup packages configure
2025-12-18 14:23:39 configure cpio:amd64 2.15+dfsg-2 <none>
2025-12-18 14:23:39 status unpacked cpio:amd64 2.15+dfsg-2
2025-12-18 14:23:39 status half-configured cpio:amd64 2.15+dfsg-2
2025-12-18 14:23:39 status installed cpio:amd64 2.15+dfsg-2
2025-12-18 14:23:39 configure libtext-iconv-perl:amd64 1.7-8+b4 <none>
2025-12-18 14:23:39 status unpacked libtext-iconv-perl:amd64 1.7-8+b4
2025-12-18 14:23:39 status half-configured libtext-iconv-perl:amd64 1.7-8+b4
2025-12-18 14:23:39 status installed libtext-iconv-perl:amd64 1.7-8+b4
2025-12-18 14:23:39 configure libtext-charwidth-perl:amd64 0.04-11+b4 <none>
2025-12-18 14:23:39 status unpacked libtext-charwidth-perl:amd64 0.04-11+b4
2025-12-18 14:23:39 status half-configured libtext-charwidth-perl:amd64 0.04-11+b4
2025-12-18 14:23:39 status installed libtext-charwidth-perl:amd64 0.04-11+b4
2025-12-18 14:23:39 configure libkeyutils1:amd64 1.6.3-6 <none>
2025-12-18 14:23:39 status triggers-pending libc-bin:amd64 2.41-12
2025-12-18 14:23:39 status unpacked libkeyutils1:amd64 1.6.3-6
2025-12-18 14:23:39 status half-configured libkeyutils1:amd64 1.6.3-6
2025-12-18 14:23:39 status installed libkeyutils1:amd64 1.6.3-6
2025-12-18 14:23:39 configure apt-utils:amd64 3.0.3 <none>
2025-12-18 14:23:39 status unpacked apt-utils:amd64 3.0.3
2025-12-18 14:23:39 status half-configured apt-utils:amd64 3.0.3
2025-12-18 14:23:39 status installed apt-utils:amd64 3.0.3
2025-12-18 14:23:39 configure init:amd64 1.69~deb13u1 <none>
2025-12-18 14:23:39 status unpacked init:amd64 1.69~deb13u1
2025-12-18 14:23:39 status half-configured init:amd64 1.69~deb13u1
2025-12-18 14:23:39 status installed init:amd64 1.69~deb13u1
2025-12-18 14:23:39 configure libtirpc-common:all 1.3.6+ds-1 <none>
2025-12-18 14:23:39 status unpacked libtirpc-common:all 1.3.6+ds-1
2025-12-18 14:23:39 status half-configured libtirpc-common:all 1.3.6+ds-1
2025-12-18 14:23:39 status installed libtirpc-common:all 1.3.6+ds-1
2025-12-18 14:23:39 configure libedit2:amd64 3.1-20250104-1 <none>
2025-12-18 14:23:39 status unpacked libedit2:amd64 3.1-20250104-1
2025-12-18 14:23:39 status half-configured libedit2:amd64 3.1-20250104-1
2025-12-18 14:23:39 status installed libedit2:amd64 3.1-20250104-1
2025-12-18 14:23:39 configure less:amd64 668-1 <none>
2025-12-18 14:23:39 status unpacked less:amd64 668-1
2025-12-18 14:23:39 status half-configured less:amd64 668-1
2025-12-18 14:23:39 status installed less:amd64 668-1
2025-12-18 14:23:39 configure libtext-wrapi18n-perl:all 0.06-10 <none>
2025-12-18 14:23:39 status unpacked libtext-wrapi18n-perl:all 0.06-10
2025-12-18 14:23:39 status half-configured libtext-wrapi18n-perl:all 0.06-10
2025-12-18 14:23:39 status installed libtext-wrapi18n-perl:all 0.06-10
2025-12-18 14:23:39 configure libelf1t64:amd64 0.192-4 <none>
2025-12-18 14:23:39 status unpacked libelf1t64:amd64 0.192-4
2025-12-18 14:23:39 status half-configured libelf1t64:amd64 0.192-4
2025-12-18 14:23:39 status installed libelf1t64:amd64 0.192-4
2025-12-18 14:23:39 configure libjansson4:amd64 2.14-2+b3 <none>
2025-12-18 14:23:39 status unpacked libjansson4:amd64 2.14-2+b3
2025-12-18 14:23:39 status half-configured libjansson4:amd64 2.14-2+b3
2025-12-18 14:23:39 status installed libjansson4:amd64 2.14-2+b3
2025-12-18 14:23:39 configure libkrb5support0:amd64 1.21.3-5 <none>
2025-12-18 14:23:39 status unpacked libkrb5support0:amd64 1.21.3-5
2025-12-18 14:23:39 status half-configured libkrb5support0:amd64 1.21.3-5
2025-12-18 14:23:39 status installed libkrb5support0:amd64 1.21.3-5
2025-12-18 14:23:39 configure libcap2-bin:amd64 1:2.75-10+b1 <none>
2025-12-18 14:23:39 status unpacked libcap2-bin:amd64 1:2.75-10+b1
2025-12-18 14:23:39 status half-configured libcap2-bin:amd64 1:2.75-10+b1
2025-12-18 14:23:39 status installed libcap2-bin:amd64 1:2.75-10+b1
2025-12-18 14:23:39 configure linux-sysctl-defaults:all 4.12 <none>
2025-12-18 14:23:39 status unpacked linux-sysctl-defaults:all 4.12
2025-12-18 14:23:39 status half-configured linux-sysctl-defaults:all 4.12
2025-12-18 14:23:39 status installed linux-sysctl-defaults:all 4.12
2025-12-18 14:23:39 configure vim-common:all 2:9.1.1230-2 <none>
2025-12-18 14:23:39 status unpacked vim-common:all 2:9.1.1230-2
2025-12-18 14:23:39 status half-configured vim-common:all 2:9.1.1230-2
2025-12-18 14:23:39 status installed vim-common:all 2:9.1.1230-2
2025-12-18 14:23:39 configure libslang2:amd64 2.3.3-5+b2 <none>
2025-12-18 14:23:39 status unpacked libslang2:amd64 2.3.3-5+b2
2025-12-18 14:23:39 status half-configured libslang2:amd64 2.3.3-5+b2
2025-12-18 14:23:39 status installed libslang2:amd64 2.3.3-5+b2
2025-12-18 14:23:39 configure libproc2-0:amd64 2:4.0.4-9 <none>
2025-12-18 14:23:39 status unpacked libproc2-0:amd64 2:4.0.4-9
2025-12-18 14:23:39 status half-configured libproc2-0:amd64 2:4.0.4-9
2025-12-18 14:23:39 status installed libproc2-0:amd64 2:4.0.4-9
2025-12-18 14:23:39 configure libunistring5:amd64 1.3-2 <none>
2025-12-18 14:23:39 status unpacked libunistring5:amd64 1.3-2
2025-12-18 14:23:39 status half-configured libunistring5:amd64 1.3-2
2025-12-18 14:23:39 status installed libunistring5:amd64 1.3-2
2025-12-18 14:23:39 configure libmnl0:amd64 1.0.5-3 <none>
2025-12-18 14:23:39 status unpacked libmnl0:amd64 1.0.5-3
2025-12-18 14:23:39 status half-configured libmnl0:amd64 1.0.5-3
2025-12-18 14:23:39 status installed libmnl0:amd64 1.0.5-3
2025-12-18 14:23:39 configure dhcpcd-base:amd64 1:10.1.0-11+deb13u1 <none>
2025-12-18 14:23:39 status unpacked dhcpcd-base:amd64 1:10.1.0-11+deb13u1
2025-12-18 14:23:39 status half-configured dhcpcd-base:amd64 1:10.1.0-11+deb13u1
2025-12-18 14:23:40 status installed dhcpcd-base:amd64 1:10.1.0-11+deb13u1
2025-12-18 14:23:40 configure libncursesw6:amd64 6.5+20250216-2 <none>
2025-12-18 14:23:40 status unpacked libncursesw6:amd64 6.5+20250216-2
2025-12-18 14:23:40 status half-configured libncursesw6:amd64 6.5+20250216-2
2025-12-18 14:23:40 status installed libncursesw6:amd64 6.5+20250216-2
2025-12-18 14:23:40 configure libk5crypto3:amd64 1.21.3-5 <none>
2025-12-18 14:23:40 status unpacked libk5crypto3:amd64 1.21.3-5
2025-12-18 14:23:40 status half-configured libk5crypto3:amd64 1.21.3-5
2025-12-18 14:23:40 status installed libk5crypto3:amd64 1.21.3-5
2025-12-18 14:23:40 configure libxtables12:amd64 1.8.11-2 <none>
2025-12-18 14:23:40 status unpacked libxtables12:amd64 1.8.11-2
2025-12-18 14:23:40 status half-configured libxtables12:amd64 1.8.11-2
2025-12-18 14:23:40 status installed libxtables12:amd64 1.8.11-2
2025-12-18 14:23:40 configure logsave:amd64 1.47.2-3+b3 <none>
2025-12-18 14:23:40 status unpacked logsave:amd64 1.47.2-3+b3
2025-12-18 14:23:40 status half-configured logsave:amd64 1.47.2-3+b3
2025-12-18 14:23:40 status installed logsave:amd64 1.47.2-3+b3
2025-12-18 14:23:40 configure libfdisk1:amd64 2.41-5 <none>
2025-12-18 14:23:40 status unpacked libfdisk1:amd64 2.41-5
2025-12-18 14:23:40 status half-configured libfdisk1:amd64 2.41-5
2025-12-18 14:23:40 status installed libfdisk1:amd64 2.41-5
2025-12-18 14:23:40 configure nano:amd64 8.4-1 <none>
2025-12-18 14:23:40 status unpacked nano:amd64 8.4-1
2025-12-18 14:23:40 status half-configured nano:amd64 8.4-1
2025-12-18 14:23:40 status installed nano:amd64 8.4-1
2025-12-18 14:23:40 configure sensible-utils:all 0.0.25 <none>
2025-12-18 14:23:40 status unpacked sensible-utils:all 0.0.25
2025-12-18 14:23:40 status half-configured sensible-utils:all 0.0.25
2025-12-18 14:23:40 status installed sensible-utils:all 0.0.25
2025-12-18 14:23:40 configure procps:amd64 2:4.0.4-9 <none>
2025-12-18 14:23:40 status unpacked procps:amd64 2:4.0.4-9
2025-12-18 14:23:40 status half-configured procps:amd64 2:4.0.4-9
2025-12-18 14:23:40 status installed procps:amd64 2:4.0.4-9
2025-12-18 14:23:40 configure netbase:all 6.5 <none>
2025-12-18 14:23:40 status unpacked netbase:all 6.5
2025-12-18 14:23:40 status half-configured netbase:all 6.5
2025-12-18 14:23:40 status installed netbase:all 6.5
2025-12-18 14:23:40 configure libkrb5-3:amd64 1.21.3-5 <none>
2025-12-18 14:23:40 status unpacked libkrb5-3:amd64 1.21.3-5
2025-12-18 14:23:40 status half-configured libkrb5-3:amd64 1.21.3-5
2025-12-18 14:23:40 status installed libkrb5-3:amd64 1.21.3-5
2025-12-18 14:23:40 configure dmidecode:amd64 3.6-2 <none>
2025-12-18 14:23:40 status unpacked dmidecode:amd64 3.6-2
2025-12-18 14:23:40 status half-configured dmidecode:amd64 3.6-2
2025-12-18 14:23:40 status installed dmidecode:amd64 3.6-2
2025-12-18 14:23:40 configure readline-common:all 8.2-6 <none>
2025-12-18 14:23:40 status unpacked readline-common:all 8.2-6
2025-12-18 14:23:40 status half-configured readline-common:all 8.2-6
2025-12-18 14:23:40 status installed readline-common:all 8.2-6
2025-12-18 14:23:40 configure liblocale-gettext-perl:amd64 1.07-7+b1 <none>
2025-12-18 14:23:40 status unpacked liblocale-gettext-perl:amd64 1.07-7+b1
2025-12-18 14:23:40 status half-configured liblocale-gettext-perl:amd64 1.07-7+b1
2025-12-18 14:23:40 status installed liblocale-gettext-perl:amd64 1.07-7+b1
2025-12-18 14:23:40 configure libbpf1:amd64 1:1.5.0-3 <none>
2025-12-18 14:23:40 status unpacked libbpf1:amd64 1:1.5.0-3
2025-12-18 14:23:40 status half-configured libbpf1:amd64 1:1.5.0-3
2025-12-18 14:23:40 status installed libbpf1:amd64 1:1.5.0-3
2025-12-18 14:23:40 configure libkmod2:amd64 34.2-2 <none>
2025-12-18 14:23:40 status unpacked libkmod2:amd64 34.2-2
2025-12-18 14:23:40 status half-configured libkmod2:amd64 34.2-2
2025-12-18 14:23:40 status installed libkmod2:amd64 34.2-2
2025-12-18 14:23:40 configure libpopt0:amd64 1.19+dfsg-2 <none>
2025-12-18 14:23:40 status unpacked libpopt0:amd64 1.19+dfsg-2
2025-12-18 14:23:40 status half-configured libpopt0:amd64 1.19+dfsg-2
2025-12-18 14:23:40 status installed libpopt0:amd64 1.19+dfsg-2
2025-12-18 14:23:40 configure logrotate:amd64 3.22.0-1 <none>
2025-12-18 14:23:40 status unpacked logrotate:amd64 3.22.0-1
2025-12-18 14:23:40 status half-configured logrotate:amd64 3.22.0-1
2025-12-18 14:23:40 status installed logrotate:amd64 3.22.0-1
2025-12-18 14:23:40 configure libnewt0.52:amd64 0.52.25-1 <none>
2025-12-18 14:23:40 status unpacked libnewt0.52:amd64 0.52.25-1
2025-12-18 14:23:40 status half-configured libnewt0.52:amd64 0.52.25-1
2025-12-18 14:23:40 status installed libnewt0.52:amd64 0.52.25-1
2025-12-18 14:23:40 configure cron:amd64 3.0pl1-197 <none>
2025-12-18 14:23:40 status unpacked cron:amd64 3.0pl1-197
2025-12-18 14:23:40 status half-configured cron:amd64 3.0pl1-197
2025-12-18 14:23:41 status installed cron:amd64 3.0pl1-197
2025-12-18 14:23:41 configure debconf-i18n:all 1.5.91 <none>
2025-12-18 14:23:41 status unpacked debconf-i18n:all 1.5.91
2025-12-18 14:23:41 status half-configured debconf-i18n:all 1.5.91
2025-12-18 14:23:41 status installed debconf-i18n:all 1.5.91
2025-12-18 14:23:41 configure libnftnl11:amd64 1.2.9-1 <none>
2025-12-18 14:23:41 status unpacked libnftnl11:amd64 1.2.9-1
2025-12-18 14:23:41 status half-configured libnftnl11:amd64 1.2.9-1
2025-12-18 14:23:41 status installed libnftnl11:amd64 1.2.9-1
2025-12-18 14:23:41 configure e2fsprogs:amd64 1.47.2-3+b3 <none>
2025-12-18 14:23:41 status unpacked e2fsprogs:amd64 1.47.2-3+b3
2025-12-18 14:23:41 status half-configured e2fsprogs:amd64 1.47.2-3+b3
2025-12-18 14:23:41 status installed e2fsprogs:amd64 1.47.2-3+b3
2025-12-18 14:23:41 configure libidn2-0:amd64 2.3.8-2 <none>
2025-12-18 14:23:41 status unpacked libidn2-0:amd64 2.3.8-2
2025-12-18 14:23:41 status half-configured libidn2-0:amd64 2.3.8-2
2025-12-18 14:23:41 status installed libidn2-0:amd64 2.3.8-2
2025-12-18 14:23:41 configure vim-tiny:amd64 2:9.1.1230-2 <none>
2025-12-18 14:23:41 status unpacked vim-tiny:amd64 2:9.1.1230-2
2025-12-18 14:23:41 status half-configured vim-tiny:amd64 2:9.1.1230-2
2025-12-18 14:23:41 status installed vim-tiny:amd64 2:9.1.1230-2
2025-12-18 14:23:41 configure kmod:amd64 34.2-2 <none>
2025-12-18 14:23:41 status unpacked kmod:amd64 34.2-2
2025-12-18 14:23:41 status half-configured kmod:amd64 34.2-2
2025-12-18 14:23:41 status installed kmod:amd64 34.2-2
2025-12-18 14:23:41 configure libgssapi-krb5-2:amd64 1.21.3-5 <none>
2025-12-18 14:23:41 status unpacked libgssapi-krb5-2:amd64 1.21.3-5
2025-12-18 14:23:41 status half-configured libgssapi-krb5-2:amd64 1.21.3-5
2025-12-18 14:23:41 status installed libgssapi-krb5-2:amd64 1.21.3-5
2025-12-18 14:23:41 configure udev:amd64 257.9-1~deb13u1 <none>
2025-12-18 14:23:41 status unpacked udev:amd64 257.9-1~deb13u1
2025-12-18 14:23:41 status half-configured udev:amd64 257.9-1~deb13u1
2025-12-18 14:23:42 status installed udev:amd64 257.9-1~deb13u1
2025-12-18 14:23:42 configure libreadline8t64:amd64 8.2-6 <none>
2025-12-18 14:23:42 status unpacked libreadline8t64:amd64 8.2-6
2025-12-18 14:23:42 status half-configured libreadline8t64:amd64 8.2-6
2025-12-18 14:23:42 status installed libreadline8t64:amd64 8.2-6
2025-12-18 14:23:42 configure whiptail:amd64 0.52.25-1 <none>
2025-12-18 14:23:42 status unpacked whiptail:amd64 0.52.25-1
2025-12-18 14:23:42 status half-configured whiptail:amd64 0.52.25-1
2025-12-18 14:23:42 status installed whiptail:amd64 0.52.25-1
2025-12-18 14:23:42 configure iputils-ping:amd64 3:20240905-3 <none>
2025-12-18 14:23:42 status unpacked iputils-ping:amd64 3:20240905-3
2025-12-18 14:23:42 status half-configured iputils-ping:amd64 3:20240905-3
2025-12-18 14:23:42 status installed iputils-ping:amd64 3:20240905-3
2025-12-18 14:23:42 configure libnftables1:amd64 1.1.3-1 <none>
2025-12-18 14:23:42 status unpacked libnftables1:amd64 1.1.3-1
2025-12-18 14:23:42 status half-configured libnftables1:amd64 1.1.3-1
2025-12-18 14:23:42 status installed libnftables1:amd64 1.1.3-1
2025-12-18 14:23:42 configure nftables:amd64 1.1.3-1 <none>
2025-12-18 14:23:42 status unpacked nftables:amd64 1.1.3-1
2025-12-18 14:23:42 status half-configured nftables:amd64 1.1.3-1
2025-12-18 14:23:42 status installed nftables:amd64 1.1.3-1
2025-12-18 14:23:42 configure libtirpc3t64:amd64 1.3.6+ds-1 <none>
2025-12-18 14:23:42 status unpacked libtirpc3t64:amd64 1.3.6+ds-1
2025-12-18 14:23:42 status half-configured libtirpc3t64:amd64 1.3.6+ds-1
2025-12-18 14:23:42 status installed libtirpc3t64:amd64 1.3.6+ds-1
2025-12-18 14:23:42 configure iproute2:amd64 6.15.0-1 <none>
2025-12-18 14:23:42 status unpacked iproute2:amd64 6.15.0-1
2025-12-18 14:23:42 status half-configured iproute2:amd64 6.15.0-1
2025-12-18 14:23:42 status installed iproute2:amd64 6.15.0-1
2025-12-18 14:23:42 configure fdisk:amd64 2.41-5 <none>
2025-12-18 14:23:42 status unpacked fdisk:amd64 2.41-5
2025-12-18 14:23:42 status half-configured fdisk:amd64 2.41-5
2025-12-18 14:23:42 status installed fdisk:amd64 2.41-5
2025-12-18 14:23:42 configure ifupdown:amd64 0.8.44 <none>
2025-12-18 14:23:42 status unpacked ifupdown:amd64 0.8.44
2025-12-18 14:23:42 status half-configured ifupdown:amd64 0.8.44
2025-12-18 14:23:43 status installed ifupdown:amd64 0.8.44
2025-12-18 14:23:43 trigproc libc-bin:amd64 2.41-12 <none>
2025-12-18 14:23:43 status half-configured libc-bin:amd64 2.41-12
2025-12-18 14:23:43 status installed libc-bin:amd64 2.41-12
2025-12-18 14:40:32 startup archives unpack
2025-12-18 14:40:32 install openssl:amd64 <none> 3.5.4-1~deb13u1
2025-12-18 14:40:32 status half-installed openssl:amd64 3.5.4-1~deb13u1
2025-12-18 14:40:32 status unpacked openssl:amd64 3.5.4-1~deb13u1
2025-12-18 14:40:32 install ca-certificates:all <none> 20250419
2025-12-18 14:40:32 status half-installed ca-certificates:all 20250419
2025-12-18 14:40:32 status unpacked ca-certificates:all 20250419
2025-12-18 14:40:32 startup packages configure
2025-12-18 14:40:32 configure openssl:amd64 3.5.4-1~deb13u1 <none>
2025-12-18 14:40:32 status unpacked openssl:amd64 3.5.4-1~deb13u1
2025-12-18 14:40:32 status half-configured openssl:amd64 3.5.4-1~deb13u1
2025-12-18 14:40:32 status installed openssl:amd64 3.5.4-1~deb13u1
2025-12-18 14:40:32 configure ca-certificates:all 20250419 <none>
2025-12-18 14:40:32 status unpacked ca-certificates:all 20250419
2025-12-18 14:40:32 status half-configured ca-certificates:all 20250419
2025-12-18 14:40:35 status installed ca-certificates:all 20250419
2025-12-18 14:40:35 status triggers-pending ca-certificates:all 20250419
2025-12-18 14:40:35 trigproc ca-certificates:all 20250419 <none>
2025-12-18 14:40:35 status half-configured ca-certificates:all 20250419
2025-12-18 14:40:36 status installed ca-certificates:all 20250419
2025-12-18 14:40:57 startup archives unpack
2025-12-18 14:40:57 install linux-base:all <none> 4.12
2025-12-18 14:40:57 status half-installed linux-base:all 4.12
2025-12-18 14:40:58 status unpacked linux-base:all 4.12
2025-12-18 14:40:58 install dracut-install:amd64 <none> 106-6
2025-12-18 14:40:58 status half-installed dracut-install:amd64 106-6
2025-12-18 14:40:58 status unpacked dracut-install:amd64 106-6
2025-12-18 14:40:58 install initramfs-tools-bin:amd64 <none> 0.148.3
2025-12-18 14:40:58 status half-installed initramfs-tools-bin:amd64 0.148.3
2025-12-18 14:40:58 status unpacked initramfs-tools-bin:amd64 0.148.3
2025-12-18 14:40:58 install libklibc:amd64 <none> 2.0.14-1
2025-12-18 14:40:58 status half-installed libklibc:amd64 2.0.14-1
2025-12-18 14:40:58 status unpacked libklibc:amd64 2.0.14-1
2025-12-18 14:40:58 install klibc-utils:amd64 <none> 2.0.14-1
2025-12-18 14:40:58 status half-installed klibc-utils:amd64 2.0.14-1
2025-12-18 14:40:58 status unpacked klibc-utils:amd64 2.0.14-1
2025-12-18 14:40:58 install initramfs-tools-core:all <none> 0.148.3
2025-12-18 14:40:58 status half-installed initramfs-tools-core:all 0.148.3
2025-12-18 14:40:58 status unpacked initramfs-tools-core:all 0.148.3
2025-12-18 14:40:58 install initramfs-tools:all <none> 0.148.3
2025-12-18 14:40:58 status half-installed initramfs-tools:all 0.148.3
2025-12-18 14:40:58 status unpacked initramfs-tools:all 0.148.3
2025-12-18 14:40:58 startup packages configure
2025-12-18 14:40:58 configure linux-base:all 4.12 <none>
2025-12-18 14:40:58 status unpacked linux-base:all 4.12
2025-12-18 14:40:58 status half-configured linux-base:all 4.12
2025-12-18 14:40:58 status installed linux-base:all 4.12
2025-12-18 14:40:58 startup archives unpack
2025-12-18 14:40:58 install linux-image-6.12.57+deb13-rt-amd64:amd64 <none> 6.12.57-1
2025-12-18 14:40:58 status half-installed linux-image-6.12.57+deb13-rt-amd64:amd64 6.12.57-1
2025-12-18 14:41:02 status unpacked linux-image-6.12.57+deb13-rt-amd64:amd64 6.12.57-1
2025-12-18 14:41:02 install gettext-base:amd64 <none> 0.23.1-2
2025-12-18 14:41:02 status half-installed gettext-base:amd64 0.23.1-2
2025-12-18 14:41:02 status unpacked gettext-base:amd64 0.23.1-2
2025-12-18 14:41:02 install ucf:all <none> 3.0052
2025-12-18 14:41:02 status half-installed ucf:all 3.0052
2025-12-18 14:41:02 status unpacked ucf:all 3.0052
2025-12-18 14:41:03 install apparmor:amd64 <none> 4.1.0-1
2025-12-18 14:41:03 status half-installed apparmor:amd64 4.1.0-1
2025-12-18 14:41:03 status unpacked apparmor:amd64 4.1.0-1
2025-12-18 14:41:03 install busybox:amd64 <none> 1:1.37.0-6+b3
2025-12-18 14:41:03 status half-installed busybox:amd64 1:1.37.0-6+b3
2025-12-18 14:41:03 status unpacked busybox:amd64 1:1.37.0-6+b3
2025-12-18 14:41:03 install libdevmapper1.02.1:amd64 <none> 2:1.02.205-2
2025-12-18 14:41:03 status triggers-pending libc-bin:amd64 2.41-12
2025-12-18 14:41:03 status half-installed libdevmapper1.02.1:amd64 2:1.02.205-2
2025-12-18 14:41:03 status unpacked libdevmapper1.02.1:amd64 2:1.02.205-2
2025-12-18 14:41:03 install dmsetup:amd64 <none> 2:1.02.205-2
2025-12-18 14:41:03 status half-installed dmsetup:amd64 2:1.02.205-2
2025-12-18 14:41:03 status unpacked dmsetup:amd64 2:1.02.205-2
2025-12-18 14:41:03 install libefivar1t64:amd64 <none> 38-3.1+b1
2025-12-18 14:41:03 status half-installed libefivar1t64:amd64 38-3.1+b1
2025-12-18 14:41:03 status unpacked libefivar1t64:amd64 38-3.1+b1
2025-12-18 14:41:03 install libefiboot1t64:amd64 <none> 38-3.1+b1
2025-12-18 14:41:03 status half-installed libefiboot1t64:amd64 38-3.1+b1
2025-12-18 14:41:03 status unpacked libefiboot1t64:amd64 38-3.1+b1
2025-12-18 14:41:03 install efibootmgr:amd64 <none> 18-2
2025-12-18 14:41:03 status half-installed efibootmgr:amd64 18-2
2025-12-18 14:41:03 status unpacked efibootmgr:amd64 18-2
2025-12-18 14:41:03 install libbrotli1:amd64 <none> 1.1.0-2+b7
2025-12-18 14:41:03 status half-installed libbrotli1:amd64 1.1.0-2+b7
2025-12-18 14:41:03 status unpacked libbrotli1:amd64 1.1.0-2+b7
2025-12-18 14:41:03 install libpng16-16t64:amd64 <none> 1.6.48-1
2025-12-18 14:41:03 status half-installed libpng16-16t64:amd64 1.6.48-1
2025-12-18 14:41:03 status unpacked libpng16-16t64:amd64 1.6.48-1
2025-12-18 14:41:03 install libfreetype6:amd64 <none> 2.13.3+dfsg-1
2025-12-18 14:41:03 status half-installed libfreetype6:amd64 2.13.3+dfsg-1
2025-12-18 14:41:04 status unpacked libfreetype6:amd64 2.13.3+dfsg-1
2025-12-18 14:41:04 install libfuse3-4:amd64 <none> 3.17.2-3
2025-12-18 14:41:04 status half-installed libfuse3-4:amd64 3.17.2-3
2025-12-18 14:41:04 status unpacked libfuse3-4:amd64 3.17.2-3
2025-12-18 14:41:04 install grub-common:amd64 <none> 2.12-9
2025-12-18 14:41:04 status half-installed grub-common:amd64 2.12-9
2025-12-18 14:41:04 status unpacked grub-common:amd64 2.12-9
2025-12-18 14:41:04 install grub-efi-amd64-unsigned:amd64 <none> 2.12-9
2025-12-18 14:41:04 status half-installed grub-efi-amd64-unsigned:amd64 2.12-9
2025-12-18 14:41:04 status unpacked grub-efi-amd64-unsigned:amd64 2.12-9
2025-12-18 14:41:04 install grub-efi-amd64-bin:amd64 <none> 2.12-9
2025-12-18 14:41:04 status half-installed grub-efi-amd64-bin:amd64 2.12-9
2025-12-18 14:41:05 status unpacked grub-efi-amd64-bin:amd64 2.12-9
2025-12-18 14:41:05 install grub2-common:amd64 <none> 2.12-9
2025-12-18 14:41:05 status half-installed grub2-common:amd64 2.12-9
2025-12-18 14:41:05 status unpacked grub2-common:amd64 2.12-9
2025-12-18 14:41:05 install grub-efi-amd64:amd64 <none> 2.12-9
2025-12-18 14:41:05 status half-installed grub-efi-amd64:amd64 2.12-9
2025-12-18 14:41:05 status unpacked grub-efi-amd64:amd64 2.12-9
2025-12-18 14:41:05 install grub-efi-amd64-signed:amd64 <none> 1+2.12+9
2025-12-18 14:41:05 status half-installed grub-efi-amd64-signed:amd64 1+2.12+9
2025-12-18 14:41:05 status unpacked grub-efi-amd64-signed:amd64 1+2.12+9
2025-12-18 14:41:05 install linux-image-rt-amd64:amd64 <none> 6.12.57-1
2025-12-18 14:41:05 status half-installed linux-image-rt-amd64:amd64 6.12.57-1
2025-12-18 14:41:05 status unpacked linux-image-rt-amd64:amd64 6.12.57-1
2025-12-18 14:41:05 install mokutil:amd64 <none> 0.7.2-1
2025-12-18 14:41:05 status half-installed mokutil:amd64 0.7.2-1
2025-12-18 14:41:05 status unpacked mokutil:amd64 0.7.2-1
2025-12-18 14:41:05 install os-prober:amd64 <none> 1.83
2025-12-18 14:41:05 status half-installed os-prober:amd64 1.83
2025-12-18 14:41:05 status unpacked os-prober:amd64 1.83
2025-12-18 14:41:05 install shim-unsigned:amd64 <none> 15.8-1
2025-12-18 14:41:05 status half-installed shim-unsigned:amd64 15.8-1
2025-12-18 14:41:05 status unpacked shim-unsigned:amd64 15.8-1
2025-12-18 14:41:05 install shim-helpers-amd64-signed:amd64 <none> 1+15.8+1
2025-12-18 14:41:05 status half-installed shim-helpers-amd64-signed:amd64 1+15.8+1
2025-12-18 14:41:05 status unpacked shim-helpers-amd64-signed:amd64 1+15.8+1
2025-12-18 14:41:05 install shim-signed-common:all <none> 1.47+15.8-1
2025-12-18 14:41:05 status half-installed shim-signed-common:all 1.47+15.8-1
2025-12-18 14:41:05 status unpacked shim-signed-common:all 1.47+15.8-1
2025-12-18 14:41:06 install shim-signed:amd64 <none> 1.47+15.8-1
2025-12-18 14:41:06 status half-installed shim-signed:amd64 1.47+15.8-1
2025-12-18 14:41:06 status unpacked shim-signed:amd64 1.47+15.8-1
2025-12-18 14:41:06 install zstd:amd64 <none> 1.5.7+dfsg-1
2025-12-18 14:41:06 status half-installed zstd:amd64 1.5.7+dfsg-1
2025-12-18 14:41:06 status unpacked zstd:amd64 1.5.7+dfsg-1
2025-12-18 14:41:06 startup packages configure
2025-12-18 14:41:06 configure libefivar1t64:amd64 38-3.1+b1 <none>
2025-12-18 14:41:06 status unpacked libefivar1t64:amd64 38-3.1+b1
2025-12-18 14:41:06 status half-configured libefivar1t64:amd64 38-3.1+b1
2025-12-18 14:41:06 status installed libefivar1t64:amd64 38-3.1+b1
2025-12-18 14:41:06 configure libbrotli1:amd64 1.1.0-2+b7 <none>
2025-12-18 14:41:06 status unpacked libbrotli1:amd64 1.1.0-2+b7
2025-12-18 14:41:06 status half-configured libbrotli1:amd64 1.1.0-2+b7
2025-12-18 14:41:06 status installed libbrotli1:amd64 1.1.0-2+b7
2025-12-18 14:41:06 configure gettext-base:amd64 0.23.1-2 <none>
2025-12-18 14:41:06 status unpacked gettext-base:amd64 0.23.1-2
2025-12-18 14:41:06 status half-configured gettext-base:amd64 0.23.1-2
2025-12-18 14:41:06 status installed gettext-base:amd64 0.23.1-2
2025-12-18 14:41:06 configure apparmor:amd64 4.1.0-1 <none>
2025-12-18 14:41:06 status unpacked apparmor:amd64 4.1.0-1
2025-12-18 14:41:07 status half-configured apparmor:amd64 4.1.0-1
2025-12-18 14:41:08 status installed apparmor:amd64 4.1.0-1
2025-12-18 14:41:08 configure busybox:amd64 1:1.37.0-6+b3 <none>
2025-12-18 14:41:08 status unpacked busybox:amd64 1:1.37.0-6+b3
2025-12-18 14:41:08 status half-configured busybox:amd64 1:1.37.0-6+b3
2025-12-18 14:41:08 status installed busybox:amd64 1:1.37.0-6+b3
2025-12-18 14:41:08 configure libklibc:amd64 2.0.14-1 <none>
2025-12-18 14:41:08 status unpacked libklibc:amd64 2.0.14-1
2025-12-18 14:41:08 status half-configured libklibc:amd64 2.0.14-1
2025-12-18 14:41:08 status installed libklibc:amd64 2.0.14-1
2025-12-18 14:41:08 configure libpng16-16t64:amd64 1.6.48-1 <none>
2025-12-18 14:41:08 status unpacked libpng16-16t64:amd64 1.6.48-1
2025-12-18 14:41:08 status half-configured libpng16-16t64:amd64 1.6.48-1
2025-12-18 14:41:08 status installed libpng16-16t64:amd64 1.6.48-1
2025-12-18 14:41:08 configure ucf:all 3.0052 <none>
2025-12-18 14:41:08 status unpacked ucf:all 3.0052
2025-12-18 14:41:08 status half-configured ucf:all 3.0052
2025-12-18 14:41:08 status installed ucf:all 3.0052
2025-12-18 14:41:08 configure dracut-install:amd64 106-6 <none>
2025-12-18 14:41:08 status unpacked dracut-install:amd64 106-6
2025-12-18 14:41:08 status half-configured dracut-install:amd64 106-6
2025-12-18 14:41:08 status installed dracut-install:amd64 106-6
2025-12-18 14:41:08 configure libefiboot1t64:amd64 38-3.1+b1 <none>
2025-12-18 14:41:08 status unpacked libefiboot1t64:amd64 38-3.1+b1
2025-12-18 14:41:08 status half-configured libefiboot1t64:amd64 38-3.1+b1
2025-12-18 14:41:08 status installed libefiboot1t64:amd64 38-3.1+b1
2025-12-18 14:41:08 configure libfuse3-4:amd64 3.17.2-3 <none>
2025-12-18 14:41:08 status unpacked libfuse3-4:amd64 3.17.2-3
2025-12-18 14:41:08 status half-configured libfuse3-4:amd64 3.17.2-3
2025-12-18 14:41:08 status installed libfuse3-4:amd64 3.17.2-3
2025-12-18 14:41:08 configure klibc-utils:amd64 2.0.14-1 <none>
2025-12-18 14:41:08 status unpacked klibc-utils:amd64 2.0.14-1
2025-12-18 14:41:08 status half-configured klibc-utils:amd64 2.0.14-1
2025-12-18 14:41:08 status installed klibc-utils:amd64 2.0.14-1
2025-12-18 14:41:08 configure zstd:amd64 1.5.7+dfsg-1 <none>
2025-12-18 14:41:08 status unpacked zstd:amd64 1.5.7+dfsg-1
2025-12-18 14:41:08 status half-configured zstd:amd64 1.5.7+dfsg-1
2025-12-18 14:41:08 status installed zstd:amd64 1.5.7+dfsg-1
2025-12-18 14:41:08 configure shim-unsigned:amd64 15.8-1 <none>
2025-12-18 14:41:08 status unpacked shim-unsigned:amd64 15.8-1
2025-12-18 14:41:08 status half-configured shim-unsigned:amd64 15.8-1
2025-12-18 14:41:08 status installed shim-unsigned:amd64 15.8-1
2025-12-18 14:41:08 configure initramfs-tools-bin:amd64 0.148.3 <none>
2025-12-18 14:41:08 status unpacked initramfs-tools-bin:amd64 0.148.3
2025-12-18 14:41:08 status half-configured initramfs-tools-bin:amd64 0.148.3
2025-12-18 14:41:08 status installed initramfs-tools-bin:amd64 0.148.3
2025-12-18 14:41:08 configure efibootmgr:amd64 18-2 <none>
2025-12-18 14:41:08 status unpacked efibootmgr:amd64 18-2
2025-12-18 14:41:08 status half-configured efibootmgr:amd64 18-2
2025-12-18 14:41:08 status installed efibootmgr:amd64 18-2
2025-12-18 14:41:08 configure mokutil:amd64 0.7.2-1 <none>
2025-12-18 14:41:08 status unpacked mokutil:amd64 0.7.2-1
2025-12-18 14:41:08 status half-configured mokutil:amd64 0.7.2-1
2025-12-18 14:41:08 status installed mokutil:amd64 0.7.2-1
2025-12-18 14:41:08 configure libfreetype6:amd64 2.13.3+dfsg-1 <none>
2025-12-18 14:41:08 status unpacked libfreetype6:amd64 2.13.3+dfsg-1
2025-12-18 14:41:08 status half-configured libfreetype6:amd64 2.13.3+dfsg-1
2025-12-18 14:41:08 status installed libfreetype6:amd64 2.13.3+dfsg-1
2025-12-18 14:41:08 configure shim-signed-common:all 1.47+15.8-1 <none>
2025-12-18 14:41:08 status unpacked shim-signed-common:all 1.47+15.8-1
2025-12-18 14:41:08 status half-configured shim-signed-common:all 1.47+15.8-1
2025-12-18 14:41:09 status installed shim-signed-common:all 1.47+15.8-1
2025-12-18 14:41:09 configure shim-helpers-amd64-signed:amd64 1+15.8+1 <none>
2025-12-18 14:41:09 status unpacked shim-helpers-amd64-signed:amd64 1+15.8+1
2025-12-18 14:41:09 status half-configured shim-helpers-amd64-signed:amd64 1+15.8+1
2025-12-18 14:41:09 status installed shim-helpers-amd64-signed:amd64 1+15.8+1
2025-12-18 14:41:09 configure initramfs-tools-core:all 0.148.3 <none>
2025-12-18 14:41:09 status unpacked initramfs-tools-core:all 0.148.3
2025-12-18 14:41:09 status half-configured initramfs-tools-core:all 0.148.3
2025-12-18 14:41:09 status installed initramfs-tools-core:all 0.148.3
2025-12-18 14:41:09 configure initramfs-tools:all 0.148.3 <none>
2025-12-18 14:41:09 status unpacked initramfs-tools:all 0.148.3
2025-12-18 14:41:09 status half-configured initramfs-tools:all 0.148.3
2025-12-18 14:41:09 status installed initramfs-tools:all 0.148.3
2025-12-18 14:41:09 status triggers-pending initramfs-tools:all 0.148.3
2025-12-18 14:41:09 configure linux-image-6.12.57+deb13-rt-amd64:amd64 6.12.57-1 <none>
2025-12-18 14:41:09 status unpacked linux-image-6.12.57+deb13-rt-amd64:amd64 6.12.57-1
2025-12-18 14:41:09 status half-configured linux-image-6.12.57+deb13-rt-amd64:amd64 6.12.57-1
2025-12-18 14:41:34 status installed linux-image-6.12.57+deb13-rt-amd64:amd64 6.12.57-1
2025-12-18 14:41:34 configure linux-image-rt-amd64:amd64 6.12.57-1 <none>
2025-12-18 14:41:34 status unpacked linux-image-rt-amd64:amd64 6.12.57-1
2025-12-18 14:41:34 status half-configured linux-image-rt-amd64:amd64 6.12.57-1
2025-12-18 14:41:34 status installed linux-image-rt-amd64:amd64 6.12.57-1
2025-12-18 14:41:34 configure dmsetup:amd64 2:1.02.205-2 <none>
2025-12-18 14:41:34 status unpacked dmsetup:amd64 2:1.02.205-2
2025-12-18 14:41:34 status half-configured dmsetup:amd64 2:1.02.205-2
2025-12-18 14:41:34 status installed dmsetup:amd64 2:1.02.205-2
2025-12-18 14:41:34 configure libdevmapper1.02.1:amd64 2:1.02.205-2 <none>
2025-12-18 14:41:34 status unpacked libdevmapper1.02.1:amd64 2:1.02.205-2
2025-12-18 14:41:34 status half-configured libdevmapper1.02.1:amd64 2:1.02.205-2
2025-12-18 14:41:34 status installed libdevmapper1.02.1:amd64 2:1.02.205-2
2025-12-18 14:41:34 configure grub-common:amd64 2.12-9 <none>
2025-12-18 14:41:34 status unpacked grub-common:amd64 2.12-9
2025-12-18 14:41:34 status half-configured grub-common:amd64 2.12-9
2025-12-18 14:41:34 status installed grub-common:amd64 2.12-9
2025-12-18 14:41:34 configure os-prober:amd64 1.83 <none>
2025-12-18 14:41:34 status unpacked os-prober:amd64 1.83
2025-12-18 14:41:34 status half-configured os-prober:amd64 1.83
2025-12-18 14:41:34 status installed os-prober:amd64 1.83
2025-12-18 14:41:34 configure grub-efi-amd64-signed:amd64 1+2.12+9 <none>
2025-12-18 14:41:34 status unpacked grub-efi-amd64-signed:amd64 1+2.12+9
2025-12-18 14:41:34 status half-configured grub-efi-amd64-signed:amd64 1+2.12+9
2025-12-18 14:41:34 status installed grub-efi-amd64-signed:amd64 1+2.12+9
2025-12-18 14:41:34 configure grub-efi-amd64-unsigned:amd64 2.12-9 <none>
2025-12-18 14:41:34 status unpacked grub-efi-amd64-unsigned:amd64 2.12-9
2025-12-18 14:41:34 status half-configured grub-efi-amd64-unsigned:amd64 2.12-9
2025-12-18 14:41:34 status installed grub-efi-amd64-unsigned:amd64 2.12-9
2025-12-18 14:41:34 configure grub2-common:amd64 2.12-9 <none>
2025-12-18 14:41:34 status unpacked grub2-common:amd64 2.12-9
2025-12-18 14:41:34 status half-configured grub2-common:amd64 2.12-9
2025-12-18 14:41:34 status installed grub2-common:amd64 2.12-9
2025-12-18 14:41:34 configure grub-efi-amd64-bin:amd64 2.12-9 <none>
2025-12-18 14:41:34 status unpacked grub-efi-amd64-bin:amd64 2.12-9
2025-12-18 14:41:34 status half-configured grub-efi-amd64-bin:amd64 2.12-9
2025-12-18 14:41:34 status installed grub-efi-amd64-bin:amd64 2.12-9
2025-12-18 14:41:34 configure shim-signed:amd64 1.47+15.8-1 <none>
2025-12-18 14:41:34 status unpacked shim-signed:amd64 1.47+15.8-1
2025-12-18 14:41:34 status half-configured shim-signed:amd64 1.47+15.8-1
2025-12-18 14:41:34 status installed shim-signed:amd64 1.47+15.8-1
2025-12-18 14:41:34 configure grub-efi-amd64:amd64 2.12-9 <none>
2025-12-18 14:41:34 status unpacked grub-efi-amd64:amd64 2.12-9
2025-12-18 14:41:34 status half-configured grub-efi-amd64:amd64 2.12-9
2025-12-18 14:41:35 status installed grub-efi-amd64:amd64 2.12-9
2025-12-18 14:41:35 status triggers-pending shim-signed:amd64 1.47+15.8-1
2025-12-18 14:41:35 trigproc libc-bin:amd64 2.41-12 <none>
2025-12-18 14:41:35 status half-configured libc-bin:amd64 2.41-12
2025-12-18 14:41:35 status installed libc-bin:amd64 2.41-12
2025-12-18 14:41:35 trigproc initramfs-tools:all 0.148.3 <none>
2025-12-18 14:41:35 status half-configured initramfs-tools:all 0.148.3
2025-12-18 14:41:49 status installed initramfs-tools:all 0.148.3
2025-12-18 14:41:49 trigproc shim-signed:amd64 1.47+15.8-1 <none>
2025-12-18 14:41:49 status half-configured shim-signed:amd64 1.47+15.8-1
2025-12-18 14:41:49 status installed shim-signed:amd64 1.47+15.8-1
